2024-04-18 11:23:54 | INFO  | [background-preinit] | util.Version (Version.java:21) - HV000001: Hibernate Validator 8.0.1.Final
2024-04-18 11:23:54 | INFO  | [restartedMain] | boot.StartupInfoLogger (StartupInfoLogger.java:50) - Starting CreditCardAppApplication using Java 17.0.9 with PID 31516 (C:\Users\mpaci\OneDrive\Work\FDM\Week12_APM\credit-o-cube\target\classes started by mpaci in C:\Users\mpaci\OneDrive\Work\FDM\Week12_APM\credit-o-cube)
2024-04-18 11:23:54 | DEBUG | [restartedMain] | boot.StartupInfoLogger (StartupInfoLogger.java:51) - Running with Spring Boot v3.2.4, Spring v6.1.5
2024-04-18 11:23:54 | INFO  | [restartedMain] | boot.SpringApplication (SpringApplication.java:654) - No active profile set, falling back to 1 default profile: "default"
2024-04-18 11:23:54 | INFO  | [restartedMain] | logging.DeferredLog (DeferredLog.java:252) - Devtools property defaults active! Set 'spring.devtools.add-properties' to 'false' to disable
2024-04-18 11:23:54 | INFO  | [restartedMain] | logging.DeferredLog (DeferredLog.java:252) - For additional web related logging consider setting the 'logging.level.web' property to 'DEBUG'
2024-04-18 11:23:55 | INFO  | [restartedMain] | config.RepositoryConfigurationDelegate (RepositoryConfigurationDelegate.java:139) - Bootstrapping Spring Data JPA repositories in DEFAULT mode.
2024-04-18 11:23:55 | INFO  | [restartedMain] | config.RepositoryConfigurationDelegate (RepositoryConfigurationDelegate.java:208) - Finished Spring Data repository scanning in 66 ms. Found 3 JPA repository interfaces.
2024-04-18 11:23:56 | INFO  | [restartedMain] | tomcat.TomcatWebServer (TomcatWebServer.java:109) - Tomcat initialized with port 8080 (http)
2024-04-18 11:23:56 | INFO  | [restartedMain] | logging.DirectJDKLog (DirectJDKLog.java:173) - Initializing ProtocolHandler ["http-nio-8080"]
2024-04-18 11:23:56 | INFO  | [restartedMain] | logging.DirectJDKLog (DirectJDKLog.java:173) - Starting service [Tomcat]
2024-04-18 11:23:56 | INFO  | [restartedMain] | logging.DirectJDKLog (DirectJDKLog.java:173) - Starting Servlet engine: [Apache Tomcat/10.1.19]
2024-04-18 11:23:56 | INFO  | [restartedMain] | logging.DirectJDKLog (DirectJDKLog.java:173) - Initializing Spring embedded WebApplicationContext
2024-04-18 11:23:56 | INFO  | [restartedMain] | context.ServletWebServerApplicationContext (ServletWebServerApplicationContext.java:296) - Root WebApplicationContext: initialization completed in 2342 ms
2024-04-18 11:23:56 | INFO  | [restartedMain] | util.LogHelper (LogHelper.java:31) - HHH000204: Processing PersistenceUnitInfo [name: default]
2024-04-18 11:23:56 | INFO  | [restartedMain] | hibernate.Version (Version.java:44) - HHH000412: Hibernate ORM core version 6.4.4.Final
2024-04-18 11:23:57 | INFO  | [restartedMain] | internal.RegionFactoryInitiator (RegionFactoryInitiator.java:50) - HHH000026: Second-level cache disabled
2024-04-18 11:23:57 | INFO  | [restartedMain] | persistenceunit.SpringPersistenceUnitInfo (SpringPersistenceUnitInfo.java:87) - No LoadTimeWeaver setup: ignoring JPA class transformer
2024-04-18 11:23:57 | INFO  | [restartedMain] | hikari.HikariDataSource (HikariDataSource.java:110) - HikariPool-1 - Starting...
2024-04-18 11:23:57 | INFO  | [restartedMain] | pool.HikariPool (HikariPool.java:565) - HikariPool-1 - Added connection com.mysql.cj.jdbc.ConnectionImpl@15e7a4c8
2024-04-18 11:23:57 | INFO  | [restartedMain] | hikari.HikariDataSource (HikariDataSource.java:123) - HikariPool-1 - Start completed.
2024-04-18 11:23:57 | WARN  | [restartedMain] | internal.DialectFactoryImpl (DialectFactoryImpl.java:153) - HHH90000025: MySQLDialect does not need to be specified explicitly using 'hibernate.dialect' (remove the property setting and it will be selected by default)
2024-04-18 11:23:59 | INFO  | [restartedMain] | internal.JtaPlatformInitiator (JtaPlatformInitiator.java:58) - HHH000489: No JTA platform available (set 'hibernate.transaction.jta.platform' to enable JTA platform integration)
2024-04-18 11:23:59 | INFO  | [restartedMain] | jpa.AbstractEntityManagerFactoryBean (AbstractEntityManagerFactoryBean.java:437) - Initialized JPA EntityManagerFactory for persistence unit 'default'
2024-04-18 11:23:59 | INFO  | [restartedMain] | query.QueryEnhancerFactory (QueryEnhancerFactory.java:49) - Hibernate is in classpath; If applicable, HQL parser will be used.
2024-04-18 11:24:00 | WARN  | [restartedMain] | jpa.JpaBaseConfiguration$JpaWebConfiguration (JpaBaseConfiguration.java:232) - spring.jpa.open-in-view is enabled by default. Therefore, database queries may be performed during view rendering. Explicitly configure spring.jpa.open-in-view to disable this warning
2024-04-18 11:24:00 | INFO  | [restartedMain] | web.DefaultSecurityFilterChain (DefaultSecurityFilterChain.java:54) - Will secure any request with [org.springframework.security.web.session.DisableEncodeUrlFilter@72d6f8f0, org.springframework.security.web.context.request.async.WebAsyncManagerIntegrationFilter@79274997, org.springframework.security.web.context.SecurityContextHolderFilter@51ddee3b, org.springframework.security.web.header.HeaderWriterFilter@eccb023, org.springframework.web.filter.CorsFilter@55608fff, org.springframework.security.web.csrf.CsrfFilter@6d02a41f, org.springframework.security.web.authentication.logout.LogoutFilter@7e6f0eff, org.springframework.security.web.authentication.UsernamePasswordAuthenticationFilter@7c94689, org.springframework.security.web.savedrequest.RequestCacheAwareFilter@321b2de3, org.springframework.security.web.servletapi.SecurityContextHolderAwareRequestFilter@27ce006f, org.springframework.security.web.authentication.AnonymousAuthenticationFilter@5aedd39c, org.springframework.security.web.access.ExceptionTranslationFilter@54c31ca2, org.springframework.security.web.access.intercept.AuthorizationFilter@20ae3c26]
2024-04-18 11:24:01 | INFO  | [restartedMain] | autoconfigure.OptionalLiveReloadServer (OptionalLiveReloadServer.java:59) - LiveReload server is running on port 35729
2024-04-18 11:24:01 | INFO  | [restartedMain] | logging.DirectJDKLog (DirectJDKLog.java:173) - Starting ProtocolHandler ["http-nio-8080"]
2024-04-18 11:24:01 | INFO  | [restartedMain] | tomcat.TomcatWebServer (TomcatWebServer.java:241) - Tomcat started on port 8080 (http) with context path ''
2024-04-18 11:24:01 | INFO  | [restartedMain] | boot.StartupInfoLogger (StartupInfoLogger.java:56) - Started CreditCardAppApplication in 7.671 seconds (process running for 8.884)
2024-04-18 11:24:26 | INFO  | [background-preinit] | util.Version (Version.java:21) - HV000001: Hibernate Validator 8.0.1.Final
2024-04-18 11:24:26 | INFO  | [restartedMain] | boot.StartupInfoLogger (StartupInfoLogger.java:50) - Starting CreditCardAppApplication using Java 17.0.9 with PID 23564 (C:\Users\mpaci\OneDrive\Work\FDM\Week12_APM\credit-o-cube\target\classes started by mpaci in C:\Users\mpaci\OneDrive\Work\FDM\Week12_APM\credit-o-cube)
2024-04-18 11:24:26 | DEBUG | [restartedMain] | boot.StartupInfoLogger (StartupInfoLogger.java:51) - Running with Spring Boot v3.2.4, Spring v6.1.5
2024-04-18 11:24:26 | INFO  | [restartedMain] | boot.SpringApplication (SpringApplication.java:654) - No active profile set, falling back to 1 default profile: "default"
2024-04-18 11:24:26 | INFO  | [restartedMain] | logging.DeferredLog (DeferredLog.java:252) - Devtools property defaults active! Set 'spring.devtools.add-properties' to 'false' to disable
2024-04-18 11:24:26 | INFO  | [restartedMain] | logging.DeferredLog (DeferredLog.java:252) - For additional web related logging consider setting the 'logging.level.web' property to 'DEBUG'
2024-04-18 11:24:27 | INFO  | [restartedMain] | config.RepositoryConfigurationDelegate (RepositoryConfigurationDelegate.java:139) - Bootstrapping Spring Data JPA repositories in DEFAULT mode.
2024-04-18 11:24:27 | INFO  | [restartedMain] | config.RepositoryConfigurationDelegate (RepositoryConfigurationDelegate.java:208) - Finished Spring Data repository scanning in 65 ms. Found 3 JPA repository interfaces.
2024-04-18 11:24:28 | INFO  | [restartedMain] | tomcat.TomcatWebServer (TomcatWebServer.java:109) - Tomcat initialized with port 8080 (http)
2024-04-18 11:24:28 | INFO  | [restartedMain] | logging.DirectJDKLog (DirectJDKLog.java:173) - Initializing ProtocolHandler ["http-nio-8080"]
2024-04-18 11:24:28 | INFO  | [restartedMain] | logging.DirectJDKLog (DirectJDKLog.java:173) - Starting service [Tomcat]
2024-04-18 11:24:28 | INFO  | [restartedMain] | logging.DirectJDKLog (DirectJDKLog.java:173) - Starting Servlet engine: [Apache Tomcat/10.1.19]
2024-04-18 11:24:29 | INFO  | [restartedMain] | logging.DirectJDKLog (DirectJDKLog.java:173) - Initializing Spring embedded WebApplicationContext
2024-04-18 11:24:29 | INFO  | [restartedMain] | context.ServletWebServerApplicationContext (ServletWebServerApplicationContext.java:296) - Root WebApplicationContext: initialization completed in 2321 ms
2024-04-18 11:24:29 | INFO  | [restartedMain] | util.LogHelper (LogHelper.java:31) - HHH000204: Processing PersistenceUnitInfo [name: default]
2024-04-18 11:24:29 | INFO  | [restartedMain] | hibernate.Version (Version.java:44) - HHH000412: Hibernate ORM core version 6.4.4.Final
2024-04-18 11:24:29 | INFO  | [restartedMain] | internal.RegionFactoryInitiator (RegionFactoryInitiator.java:50) - HHH000026: Second-level cache disabled
2024-04-18 11:24:29 | INFO  | [restartedMain] | persistenceunit.SpringPersistenceUnitInfo (SpringPersistenceUnitInfo.java:87) - No LoadTimeWeaver setup: ignoring JPA class transformer
2024-04-18 11:24:29 | INFO  | [restartedMain] | hikari.HikariDataSource (HikariDataSource.java:110) - HikariPool-1 - Starting...
2024-04-18 11:24:30 | INFO  | [restartedMain] | pool.HikariPool (HikariPool.java:565) - HikariPool-1 - Added connection com.mysql.cj.jdbc.ConnectionImpl@7cbdd52c
2024-04-18 11:24:30 | INFO  | [restartedMain] | hikari.HikariDataSource (HikariDataSource.java:123) - HikariPool-1 - Start completed.
2024-04-18 11:24:30 | WARN  | [restartedMain] | internal.DialectFactoryImpl (DialectFactoryImpl.java:153) - HHH90000025: MySQLDialect does not need to be specified explicitly using 'hibernate.dialect' (remove the property setting and it will be selected by default)
2024-04-18 11:24:31 | INFO  | [restartedMain] | internal.JtaPlatformInitiator (JtaPlatformInitiator.java:58) - HHH000489: No JTA platform available (set 'hibernate.transaction.jta.platform' to enable JTA platform integration)
2024-04-18 11:24:31 | INFO  | [restartedMain] | jpa.AbstractEntityManagerFactoryBean (AbstractEntityManagerFactoryBean.java:437) - Initialized JPA EntityManagerFactory for persistence unit 'default'
2024-04-18 11:24:32 | INFO  | [restartedMain] | query.QueryEnhancerFactory (QueryEnhancerFactory.java:49) - Hibernate is in classpath; If applicable, HQL parser will be used.
2024-04-18 11:24:32 | WARN  | [restartedMain] | jpa.JpaBaseConfiguration$JpaWebConfiguration (JpaBaseConfiguration.java:232) - spring.jpa.open-in-view is enabled by default. Therefore, database queries may be performed during view rendering. Explicitly configure spring.jpa.open-in-view to disable this warning
2024-04-18 11:24:33 | INFO  | [restartedMain] | web.DefaultSecurityFilterChain (DefaultSecurityFilterChain.java:54) - Will secure any request with [org.springframework.security.web.session.DisableEncodeUrlFilter@4a568f62, org.springframework.security.web.context.request.async.WebAsyncManagerIntegrationFilter@69cc3c8e, org.springframework.security.web.context.SecurityContextHolderFilter@22034dad, org.springframework.security.web.header.HeaderWriterFilter@1b19d9b4, org.springframework.web.filter.CorsFilter@260e1a34, org.springframework.security.web.csrf.CsrfFilter@696f33ce, org.springframework.security.web.authentication.logout.LogoutFilter@23f2c44d, org.springframework.security.web.authentication.UsernamePasswordAuthenticationFilter@5d2221e3, org.springframework.security.web.savedrequest.RequestCacheAwareFilter@2f58ecdf, org.springframework.security.web.servletapi.SecurityContextHolderAwareRequestFilter@40762a86, org.springframework.security.web.authentication.AnonymousAuthenticationFilter@1cd80960, org.springframework.security.web.access.ExceptionTranslationFilter@13f65cb3, org.springframework.security.web.access.intercept.AuthorizationFilter@7f14672]
2024-04-18 11:24:33 | INFO  | [restartedMain] | autoconfigure.OptionalLiveReloadServer (OptionalLiveReloadServer.java:59) - LiveReload server is running on port 35729
2024-04-18 11:24:33 | INFO  | [restartedMain] | logging.DirectJDKLog (DirectJDKLog.java:173) - Starting ProtocolHandler ["http-nio-8080"]
2024-04-18 11:24:33 | INFO  | [restartedMain] | tomcat.TomcatWebServer (TomcatWebServer.java:241) - Tomcat started on port 8080 (http) with context path ''
2024-04-18 11:24:33 | INFO  | [restartedMain] | boot.StartupInfoLogger (StartupInfoLogger.java:56) - Started CreditCardAppApplication in 7.693 seconds (process running for 8.926)
2024-04-18 11:25:39 | INFO  | [background-preinit] | util.Version (Version.java:21) - HV000001: Hibernate Validator 8.0.1.Final
2024-04-18 11:25:39 | INFO  | [restartedMain] | boot.StartupInfoLogger (StartupInfoLogger.java:50) - Starting CreditCardAppApplication using Java 17.0.9 with PID 34164 (C:\Users\mpaci\OneDrive\Work\FDM\Week12_APM\credit-o-cube\target\classes started by mpaci in C:\Users\mpaci\OneDrive\Work\FDM\Week12_APM\credit-o-cube)
2024-04-18 11:25:39 | DEBUG | [restartedMain] | boot.StartupInfoLogger (StartupInfoLogger.java:51) - Running with Spring Boot v3.2.4, Spring v6.1.5
2024-04-18 11:25:39 | INFO  | [restartedMain] | boot.SpringApplication (SpringApplication.java:654) - No active profile set, falling back to 1 default profile: "default"
2024-04-18 11:25:39 | INFO  | [restartedMain] | logging.DeferredLog (DeferredLog.java:252) - Devtools property defaults active! Set 'spring.devtools.add-properties' to 'false' to disable
2024-04-18 11:25:39 | INFO  | [restartedMain] | logging.DeferredLog (DeferredLog.java:252) - For additional web related logging consider setting the 'logging.level.web' property to 'DEBUG'
2024-04-18 11:25:41 | INFO  | [restartedMain] | config.RepositoryConfigurationDelegate (RepositoryConfigurationDelegate.java:139) - Bootstrapping Spring Data JPA repositories in DEFAULT mode.
2024-04-18 11:25:41 | INFO  | [restartedMain] | config.RepositoryConfigurationDelegate (RepositoryConfigurationDelegate.java:208) - Finished Spring Data repository scanning in 69 ms. Found 3 JPA repository interfaces.
2024-04-18 11:25:42 | INFO  | [restartedMain] | tomcat.TomcatWebServer (TomcatWebServer.java:109) - Tomcat initialized with port 8080 (http)
2024-04-18 11:25:42 | INFO  | [restartedMain] | logging.DirectJDKLog (DirectJDKLog.java:173) - Initializing ProtocolHandler ["http-nio-8080"]
2024-04-18 11:25:42 | INFO  | [restartedMain] | logging.DirectJDKLog (DirectJDKLog.java:173) - Starting service [Tomcat]
2024-04-18 11:25:42 | INFO  | [restartedMain] | logging.DirectJDKLog (DirectJDKLog.java:173) - Starting Servlet engine: [Apache Tomcat/10.1.19]
2024-04-18 11:25:42 | INFO  | [restartedMain] | logging.DirectJDKLog (DirectJDKLog.java:173) - Initializing Spring embedded WebApplicationContext
2024-04-18 11:25:42 | INFO  | [restartedMain] | context.ServletWebServerApplicationContext (ServletWebServerApplicationContext.java:296) - Root WebApplicationContext: initialization completed in 2331 ms
2024-04-18 11:25:42 | INFO  | [restartedMain] | util.LogHelper (LogHelper.java:31) - HHH000204: Processing PersistenceUnitInfo [name: default]
2024-04-18 11:25:42 | INFO  | [restartedMain] | hibernate.Version (Version.java:44) - HHH000412: Hibernate ORM core version 6.4.4.Final
2024-04-18 11:25:42 | INFO  | [restartedMain] | internal.RegionFactoryInitiator (RegionFactoryInitiator.java:50) - HHH000026: Second-level cache disabled
2024-04-18 11:25:43 | INFO  | [restartedMain] | persistenceunit.SpringPersistenceUnitInfo (SpringPersistenceUnitInfo.java:87) - No LoadTimeWeaver setup: ignoring JPA class transformer
2024-04-18 11:25:43 | INFO  | [restartedMain] | hikari.HikariDataSource (HikariDataSource.java:110) - HikariPool-1 - Starting...
2024-04-18 11:25:43 | INFO  | [restartedMain] | pool.HikariPool (HikariPool.java:565) - HikariPool-1 - Added connection com.mysql.cj.jdbc.ConnectionImpl@2f8d9d20
2024-04-18 11:25:43 | INFO  | [restartedMain] | hikari.HikariDataSource (HikariDataSource.java:123) - HikariPool-1 - Start completed.
2024-04-18 11:25:43 | WARN  | [restartedMain] | internal.DialectFactoryImpl (DialectFactoryImpl.java:153) - HHH90000025: MySQLDialect does not need to be specified explicitly using 'hibernate.dialect' (remove the property setting and it will be selected by default)
2024-04-18 11:25:44 | INFO  | [restartedMain] | internal.JtaPlatformInitiator (JtaPlatformInitiator.java:58) - HHH000489: No JTA platform available (set 'hibernate.transaction.jta.platform' to enable JTA platform integration)
2024-04-18 11:25:44 | INFO  | [restartedMain] | jpa.AbstractEntityManagerFactoryBean (AbstractEntityManagerFactoryBean.java:437) - Initialized JPA EntityManagerFactory for persistence unit 'default'
2024-04-18 11:25:45 | INFO  | [restartedMain] | query.QueryEnhancerFactory (QueryEnhancerFactory.java:49) - Hibernate is in classpath; If applicable, HQL parser will be used.
2024-04-18 11:25:46 | WARN  | [restartedMain] | jpa.JpaBaseConfiguration$JpaWebConfiguration (JpaBaseConfiguration.java:232) - spring.jpa.open-in-view is enabled by default. Therefore, database queries may be performed during view rendering. Explicitly configure spring.jpa.open-in-view to disable this warning
2024-04-18 11:25:46 | INFO  | [restartedMain] | web.DefaultSecurityFilterChain (DefaultSecurityFilterChain.java:54) - Will secure any request with [org.springframework.security.web.session.DisableEncodeUrlFilter@5bd6e034, org.springframework.security.web.context.request.async.WebAsyncManagerIntegrationFilter@5033671d, org.springframework.security.web.context.SecurityContextHolderFilter@609e6623, org.springframework.security.web.header.HeaderWriterFilter@1ff4f07e, org.springframework.web.filter.CorsFilter@64dd3767, org.springframework.security.web.csrf.CsrfFilter@474f336e, org.springframework.security.web.authentication.logout.LogoutFilter@2fc7332e, org.springframework.security.web.authentication.UsernamePasswordAuthenticationFilter@3de7c4ce, org.springframework.security.web.savedrequest.RequestCacheAwareFilter@554e3418, org.springframework.security.web.servletapi.SecurityContextHolderAwareRequestFilter@67a6df8a, org.springframework.security.web.authentication.AnonymousAuthenticationFilter@18c7a35e, org.springframework.security.web.access.ExceptionTranslationFilter@e55dcd2, org.springframework.security.web.access.intercept.AuthorizationFilter@22902fd4]
2024-04-18 11:25:47 | INFO  | [restartedMain] | autoconfigure.OptionalLiveReloadServer (OptionalLiveReloadServer.java:59) - LiveReload server is running on port 35729
2024-04-18 11:25:47 | INFO  | [restartedMain] | logging.DirectJDKLog (DirectJDKLog.java:173) - Starting ProtocolHandler ["http-nio-8080"]
2024-04-18 11:25:47 | INFO  | [restartedMain] | tomcat.TomcatWebServer (TomcatWebServer.java:241) - Tomcat started on port 8080 (http) with context path ''
2024-04-18 11:25:47 | INFO  | [restartedMain] | boot.StartupInfoLogger (StartupInfoLogger.java:56) - Started CreditCardAppApplication in 7.877 seconds (process running for 9.069)
2024-04-18 11:26:40 | INFO  | [http-nio-8080-exec-1] | logging.DirectJDKLog (DirectJDKLog.java:173) - Initializing Spring DispatcherServlet 'dispatcherServlet'
2024-04-18 11:26:40 | INFO  | [http-nio-8080-exec-1] | servlet.FrameworkServlet (FrameworkServlet.java:532) - Initializing Servlet 'dispatcherServlet'
2024-04-18 11:26:40 | INFO  | [http-nio-8080-exec-1] | servlet.FrameworkServlet (FrameworkServlet.java:554) - Completed initialization in 0 ms
2024-04-18 11:32:12 | INFO  | [File Watcher] | autoconfigure.LocalDevToolsAutoConfiguration$RestartingClassPathChangeChangedEventListener (LocalDevToolsAutoConfiguration.java:211) - Restarting due to 1 class path change (0 additions, 0 deletions, 1 modification)
2024-04-18 11:32:12 | INFO  | [Thread-5] | logging.DirectJDKLog (DirectJDKLog.java:173) - Stopping ProtocolHandler ["http-nio-8080"]
2024-04-18 11:32:12 | INFO  | [Thread-5] | jpa.AbstractEntityManagerFactoryBean (AbstractEntityManagerFactoryBean.java:650) - Closing JPA EntityManagerFactory for persistence unit 'default'
2024-04-18 11:32:12 | INFO  | [Thread-5] | hikari.HikariDataSource (HikariDataSource.java:350) - HikariPool-1 - Shutdown initiated...
2024-04-18 11:32:12 | INFO  | [Thread-5] | hikari.HikariDataSource (HikariDataSource.java:352) - HikariPool-1 - Shutdown completed.
2024-04-18 11:32:12 | INFO  | [restartedMain] | boot.StartupInfoLogger (StartupInfoLogger.java:50) - Starting CreditCardAppApplication using Java 17.0.9 with PID 34164 (C:\Users\mpaci\OneDrive\Work\FDM\Week12_APM\credit-o-cube\target\classes started by mpaci in C:\Users\mpaci\OneDrive\Work\FDM\Week12_APM\credit-o-cube)
2024-04-18 11:32:12 | DEBUG | [restartedMain] | boot.StartupInfoLogger (StartupInfoLogger.java:51) - Running with Spring Boot v3.2.4, Spring v6.1.5
2024-04-18 11:32:12 | INFO  | [restartedMain] | boot.SpringApplication (SpringApplication.java:654) - No active profile set, falling back to 1 default profile: "default"
2024-04-18 11:32:12 | INFO  | [restartedMain] | config.RepositoryConfigurationDelegate (RepositoryConfigurationDelegate.java:139) - Bootstrapping Spring Data JPA repositories in DEFAULT mode.
2024-04-18 11:32:12 | INFO  | [restartedMain] | config.RepositoryConfigurationDelegate (RepositoryConfigurationDelegate.java:208) - Finished Spring Data repository scanning in 18 ms. Found 3 JPA repository interfaces.
2024-04-18 11:32:12 | INFO  | [restartedMain] | tomcat.TomcatWebServer (TomcatWebServer.java:109) - Tomcat initialized with port 8080 (http)
2024-04-18 11:32:12 | INFO  | [restartedMain] | logging.DirectJDKLog (DirectJDKLog.java:173) - Initializing ProtocolHandler ["http-nio-8080"]
2024-04-18 11:32:12 | INFO  | [restartedMain] | logging.DirectJDKLog (DirectJDKLog.java:173) - Starting service [Tomcat]
2024-04-18 11:32:12 | INFO  | [restartedMain] | logging.DirectJDKLog (DirectJDKLog.java:173) - Starting Servlet engine: [Apache Tomcat/10.1.19]
2024-04-18 11:32:12 | INFO  | [restartedMain] | logging.DirectJDKLog (DirectJDKLog.java:173) - Initializing Spring embedded WebApplicationContext
2024-04-18 11:32:12 | INFO  | [restartedMain] | context.ServletWebServerApplicationContext (ServletWebServerApplicationContext.java:296) - Root WebApplicationContext: initialization completed in 508 ms
2024-04-18 11:32:12 | INFO  | [restartedMain] | util.LogHelper (LogHelper.java:31) - HHH000204: Processing PersistenceUnitInfo [name: default]
2024-04-18 11:32:12 | INFO  | [restartedMain] | internal.RegionFactoryInitiator (RegionFactoryInitiator.java:50) - HHH000026: Second-level cache disabled
2024-04-18 11:32:12 | INFO  | [restartedMain] | persistenceunit.SpringPersistenceUnitInfo (SpringPersistenceUnitInfo.java:87) - No LoadTimeWeaver setup: ignoring JPA class transformer
2024-04-18 11:32:12 | INFO  | [restartedMain] | hikari.HikariDataSource (HikariDataSource.java:110) - HikariPool-2 - Starting...
2024-04-18 11:32:12 | INFO  | [restartedMain] | pool.HikariPool (HikariPool.java:565) - HikariPool-2 - Added connection com.mysql.cj.jdbc.ConnectionImpl@5a844ce5
2024-04-18 11:32:12 | INFO  | [restartedMain] | hikari.HikariDataSource (HikariDataSource.java:123) - HikariPool-2 - Start completed.
2024-04-18 11:32:12 | WARN  | [restartedMain] | internal.DialectFactoryImpl (DialectFactoryImpl.java:153) - HHH90000025: MySQLDialect does not need to be specified explicitly using 'hibernate.dialect' (remove the property setting and it will be selected by default)
2024-04-18 11:32:13 | INFO  | [restartedMain] | internal.JtaPlatformInitiator (JtaPlatformInitiator.java:58) - HHH000489: No JTA platform available (set 'hibernate.transaction.jta.platform' to enable JTA platform integration)
2024-04-18 11:32:13 | INFO  | [restartedMain] | jpa.AbstractEntityManagerFactoryBean (AbstractEntityManagerFactoryBean.java:437) - Initialized JPA EntityManagerFactory for persistence unit 'default'
2024-04-18 11:32:13 | WARN  | [restartedMain] | jpa.JpaBaseConfiguration$JpaWebConfiguration (JpaBaseConfiguration.java:232) - spring.jpa.open-in-view is enabled by default. Therefore, database queries may be performed during view rendering. Explicitly configure spring.jpa.open-in-view to disable this warning
2024-04-18 11:32:13 | INFO  | [restartedMain] | web.DefaultSecurityFilterChain (DefaultSecurityFilterChain.java:54) - Will secure any request with [org.springframework.security.web.session.DisableEncodeUrlFilter@51744106, org.springframework.security.web.context.request.async.WebAsyncManagerIntegrationFilter@3b61d3e, org.springframework.security.web.context.SecurityContextHolderFilter@d5c3e9, org.springframework.security.web.header.HeaderWriterFilter@73ce64c9, org.springframework.web.filter.CorsFilter@4c4348a1, org.springframework.security.web.csrf.CsrfFilter@2893ba6, org.springframework.security.web.authentication.logout.LogoutFilter@7b110d90, org.springframework.security.web.authentication.UsernamePasswordAuthenticationFilter@227aa554, org.springframework.security.web.savedrequest.RequestCacheAwareFilter@4b4a9c5e, org.springframework.security.web.servletapi.SecurityContextHolderAwareRequestFilter@551d981a, org.springframework.security.web.authentication.AnonymousAuthenticationFilter@3b640478, org.springframework.security.web.access.ExceptionTranslationFilter@4aaa9c79, org.springframework.security.web.access.intercept.AuthorizationFilter@5dc24f16]
2024-04-18 11:32:13 | INFO  | [restartedMain] | autoconfigure.OptionalLiveReloadServer (OptionalLiveReloadServer.java:59) - LiveReload server is running on port 35729
2024-04-18 11:32:13 | INFO  | [restartedMain] | logging.DirectJDKLog (DirectJDKLog.java:173) - Starting ProtocolHandler ["http-nio-8080"]
2024-04-18 11:32:13 | INFO  | [restartedMain] | tomcat.TomcatWebServer (TomcatWebServer.java:241) - Tomcat started on port 8080 (http) with context path ''
2024-04-18 11:32:13 | INFO  | [restartedMain] | boot.StartupInfoLogger (StartupInfoLogger.java:56) - Started CreditCardAppApplication in 1.208 seconds (process running for 395.373)
2024-04-18 11:32:13 | INFO  | [restartedMain] | autoconfigure.ConditionEvaluationDeltaLoggingListener (ConditionEvaluationDeltaLoggingListener.java:63) - Condition evaluation unchanged
2024-04-18 11:33:07 | INFO  | [http-nio-8080-exec-1] | logging.DirectJDKLog (DirectJDKLog.java:173) - Initializing Spring DispatcherServlet 'dispatcherServlet'
2024-04-18 11:33:07 | INFO  | [http-nio-8080-exec-1] | servlet.FrameworkServlet (FrameworkServlet.java:532) - Initializing Servlet 'dispatcherServlet'
2024-04-18 11:33:07 | INFO  | [http-nio-8080-exec-1] | servlet.FrameworkServlet (FrameworkServlet.java:554) - Completed initialization in 2 ms
2024-04-18 11:35:43 | INFO  | [File Watcher] | autoconfigure.LocalDevToolsAutoConfiguration$RestartingClassPathChangeChangedEventListener (LocalDevToolsAutoConfiguration.java:211) - Restarting due to 1 class path change (0 additions, 0 deletions, 1 modification)
2024-04-18 11:35:43 | INFO  | [Thread-7] | logging.DirectJDKLog (DirectJDKLog.java:173) - Stopping ProtocolHandler ["http-nio-8080"]
2024-04-18 11:35:43 | INFO  | [Thread-7] | jpa.AbstractEntityManagerFactoryBean (AbstractEntityManagerFactoryBean.java:650) - Closing JPA EntityManagerFactory for persistence unit 'default'
2024-04-18 11:35:43 | INFO  | [Thread-7] | hikari.HikariDataSource (HikariDataSource.java:350) - HikariPool-2 - Shutdown initiated...
2024-04-18 11:35:43 | INFO  | [Thread-7] | hikari.HikariDataSource (HikariDataSource.java:352) - HikariPool-2 - Shutdown completed.
2024-04-18 11:35:43 | INFO  | [restartedMain] | boot.StartupInfoLogger (StartupInfoLogger.java:50) - Starting CreditCardAppApplication using Java 17.0.9 with PID 34164 (C:\Users\mpaci\OneDrive\Work\FDM\Week12_APM\credit-o-cube\target\classes started by mpaci in C:\Users\mpaci\OneDrive\Work\FDM\Week12_APM\credit-o-cube)
2024-04-18 11:35:43 | DEBUG | [restartedMain] | boot.StartupInfoLogger (StartupInfoLogger.java:51) - Running with Spring Boot v3.2.4, Spring v6.1.5
2024-04-18 11:35:43 | INFO  | [restartedMain] | boot.SpringApplication (SpringApplication.java:654) - No active profile set, falling back to 1 default profile: "default"
2024-04-18 11:35:44 | INFO  | [restartedMain] | config.RepositoryConfigurationDelegate (RepositoryConfigurationDelegate.java:139) - Bootstrapping Spring Data JPA repositories in DEFAULT mode.
2024-04-18 11:35:44 | INFO  | [restartedMain] | config.RepositoryConfigurationDelegate (RepositoryConfigurationDelegate.java:208) - Finished Spring Data repository scanning in 17 ms. Found 3 JPA repository interfaces.
2024-04-18 11:35:44 | INFO  | [restartedMain] | tomcat.TomcatWebServer (TomcatWebServer.java:109) - Tomcat initialized with port 8080 (http)
2024-04-18 11:35:44 | INFO  | [restartedMain] | logging.DirectJDKLog (DirectJDKLog.java:173) - Initializing ProtocolHandler ["http-nio-8080"]
2024-04-18 11:35:44 | INFO  | [restartedMain] | logging.DirectJDKLog (DirectJDKLog.java:173) - Starting service [Tomcat]
2024-04-18 11:35:44 | INFO  | [restartedMain] | logging.DirectJDKLog (DirectJDKLog.java:173) - Starting Servlet engine: [Apache Tomcat/10.1.19]
2024-04-18 11:35:44 | INFO  | [restartedMain] | logging.DirectJDKLog (DirectJDKLog.java:173) - Initializing Spring embedded WebApplicationContext
2024-04-18 11:35:44 | INFO  | [restartedMain] | context.ServletWebServerApplicationContext (ServletWebServerApplicationContext.java:296) - Root WebApplicationContext: initialization completed in 424 ms
2024-04-18 11:35:44 | INFO  | [restartedMain] | util.LogHelper (LogHelper.java:31) - HHH000204: Processing PersistenceUnitInfo [name: default]
2024-04-18 11:35:44 | INFO  | [restartedMain] | internal.RegionFactoryInitiator (RegionFactoryInitiator.java:50) - HHH000026: Second-level cache disabled
2024-04-18 11:35:44 | INFO  | [restartedMain] | persistenceunit.SpringPersistenceUnitInfo (SpringPersistenceUnitInfo.java:87) - No LoadTimeWeaver setup: ignoring JPA class transformer
2024-04-18 11:35:44 | INFO  | [restartedMain] | hikari.HikariDataSource (HikariDataSource.java:110) - HikariPool-3 - Starting...
2024-04-18 11:35:44 | INFO  | [restartedMain] | pool.HikariPool (HikariPool.java:565) - HikariPool-3 - Added connection com.mysql.cj.jdbc.ConnectionImpl@64c5e0c3
2024-04-18 11:35:44 | INFO  | [restartedMain] | hikari.HikariDataSource (HikariDataSource.java:123) - HikariPool-3 - Start completed.
2024-04-18 11:35:44 | WARN  | [restartedMain] | internal.DialectFactoryImpl (DialectFactoryImpl.java:153) - HHH90000025: MySQLDialect does not need to be specified explicitly using 'hibernate.dialect' (remove the property setting and it will be selected by default)
2024-04-18 11:35:44 | INFO  | [restartedMain] | internal.JtaPlatformInitiator (JtaPlatformInitiator.java:58) - HHH000489: No JTA platform available (set 'hibernate.transaction.jta.platform' to enable JTA platform integration)
2024-04-18 11:35:44 | INFO  | [restartedMain] | jpa.AbstractEntityManagerFactoryBean (AbstractEntityManagerFactoryBean.java:437) - Initialized JPA EntityManagerFactory for persistence unit 'default'
2024-04-18 11:35:44 | WARN  | [restartedMain] | jpa.JpaBaseConfiguration$JpaWebConfiguration (JpaBaseConfiguration.java:232) - spring.jpa.open-in-view is enabled by default. Therefore, database queries may be performed during view rendering. Explicitly configure spring.jpa.open-in-view to disable this warning
2024-04-18 11:35:44 | INFO  | [restartedMain] | web.DefaultSecurityFilterChain (DefaultSecurityFilterChain.java:54) - Will secure any request with [org.springframework.security.web.session.DisableEncodeUrlFilter@cac950d, org.springframework.security.web.context.request.async.WebAsyncManagerIntegrationFilter@4cfe0308, org.springframework.security.web.context.SecurityContextHolderFilter@bb5d021, org.springframework.security.web.header.HeaderWriterFilter@1d9b3e1e, org.springframework.web.filter.CorsFilter@253e01ac, org.springframework.security.web.csrf.CsrfFilter@550b889e, org.springframework.security.web.authentication.logout.LogoutFilter@2c2500ce, org.springframework.security.web.authentication.UsernamePasswordAuthenticationFilter@88bd7a2, org.springframework.security.web.savedrequest.RequestCacheAwareFilter@2f3f6b1, org.springframework.security.web.servletapi.SecurityContextHolderAwareRequestFilter@4d9b5172, org.springframework.security.web.authentication.AnonymousAuthenticationFilter@73dee46e, org.springframework.security.web.access.ExceptionTranslationFilter@70e7f80d, org.springframework.security.web.access.intercept.AuthorizationFilter@2679ea19]
2024-04-18 11:35:44 | INFO  | [restartedMain] | autoconfigure.OptionalLiveReloadServer (OptionalLiveReloadServer.java:59) - LiveReload server is running on port 35729
2024-04-18 11:35:44 | INFO  | [restartedMain] | logging.DirectJDKLog (DirectJDKLog.java:173) - Starting ProtocolHandler ["http-nio-8080"]
2024-04-18 11:35:44 | INFO  | [restartedMain] | tomcat.TomcatWebServer (TomcatWebServer.java:241) - Tomcat started on port 8080 (http) with context path ''
2024-04-18 11:35:44 | INFO  | [restartedMain] | boot.StartupInfoLogger (StartupInfoLogger.java:56) - Started CreditCardAppApplication in 1.002 seconds (process running for 606.616)
2024-04-18 11:35:44 | INFO  | [restartedMain] | autoconfigure.ConditionEvaluationDeltaLoggingListener (ConditionEvaluationDeltaLoggingListener.java:63) - Condition evaluation unchanged
2024-04-18 11:36:04 | INFO  | [http-nio-8080-exec-1] | logging.DirectJDKLog (DirectJDKLog.java:173) - Initializing Spring DispatcherServlet 'dispatcherServlet'
2024-04-18 11:36:04 | INFO  | [http-nio-8080-exec-1] | servlet.FrameworkServlet (FrameworkServlet.java:532) - Initializing Servlet 'dispatcherServlet'
2024-04-18 11:36:04 | INFO  | [http-nio-8080-exec-1] | servlet.FrameworkServlet (FrameworkServlet.java:554) - Completed initialization in 0 ms
2024-04-18 11:37:24 | INFO  | [File Watcher] | autoconfigure.LocalDevToolsAutoConfiguration$RestartingClassPathChangeChangedEventListener (LocalDevToolsAutoConfiguration.java:211) - Restarting due to 1 class path change (0 additions, 0 deletions, 1 modification)
2024-04-18 11:37:24 | INFO  | [Thread-11] | logging.DirectJDKLog (DirectJDKLog.java:173) - Stopping ProtocolHandler ["http-nio-8080"]
2024-04-18 11:37:24 | INFO  | [Thread-11] | jpa.AbstractEntityManagerFactoryBean (AbstractEntityManagerFactoryBean.java:650) - Closing JPA EntityManagerFactory for persistence unit 'default'
2024-04-18 11:37:24 | INFO  | [Thread-11] | hikari.HikariDataSource (HikariDataSource.java:350) - HikariPool-3 - Shutdown initiated...
2024-04-18 11:37:24 | INFO  | [Thread-11] | hikari.HikariDataSource (HikariDataSource.java:352) - HikariPool-3 - Shutdown completed.
2024-04-18 11:37:25 | INFO  | [restartedMain] | boot.StartupInfoLogger (StartupInfoLogger.java:50) - Starting CreditCardAppApplication using Java 17.0.9 with PID 34164 (C:\Users\mpaci\OneDrive\Work\FDM\Week12_APM\credit-o-cube\target\classes started by mpaci in C:\Users\mpaci\OneDrive\Work\FDM\Week12_APM\credit-o-cube)
2024-04-18 11:37:25 | DEBUG | [restartedMain] | boot.StartupInfoLogger (StartupInfoLogger.java:51) - Running with Spring Boot v3.2.4, Spring v6.1.5
2024-04-18 11:37:25 | INFO  | [restartedMain] | boot.SpringApplication (SpringApplication.java:654) - No active profile set, falling back to 1 default profile: "default"
2024-04-18 11:37:25 | INFO  | [restartedMain] | config.RepositoryConfigurationDelegate (RepositoryConfigurationDelegate.java:139) - Bootstrapping Spring Data JPA repositories in DEFAULT mode.
2024-04-18 11:37:25 | INFO  | [restartedMain] | config.RepositoryConfigurationDelegate (RepositoryConfigurationDelegate.java:208) - Finished Spring Data repository scanning in 15 ms. Found 3 JPA repository interfaces.
2024-04-18 11:37:25 | INFO  | [restartedMain] | tomcat.TomcatWebServer (TomcatWebServer.java:109) - Tomcat initialized with port 8080 (http)
2024-04-18 11:37:25 | INFO  | [restartedMain] | logging.DirectJDKLog (DirectJDKLog.java:173) - Initializing ProtocolHandler ["http-nio-8080"]
2024-04-18 11:37:25 | INFO  | [restartedMain] | logging.DirectJDKLog (DirectJDKLog.java:173) - Starting service [Tomcat]
2024-04-18 11:37:25 | INFO  | [restartedMain] | logging.DirectJDKLog (DirectJDKLog.java:173) - Starting Servlet engine: [Apache Tomcat/10.1.19]
2024-04-18 11:37:25 | INFO  | [restartedMain] | logging.DirectJDKLog (DirectJDKLog.java:173) - Initializing Spring embedded WebApplicationContext
2024-04-18 11:37:25 | INFO  | [restartedMain] | context.ServletWebServerApplicationContext (ServletWebServerApplicationContext.java:296) - Root WebApplicationContext: initialization completed in 405 ms
2024-04-18 11:37:25 | INFO  | [restartedMain] | util.LogHelper (LogHelper.java:31) - HHH000204: Processing PersistenceUnitInfo [name: default]
2024-04-18 11:37:25 | INFO  | [restartedMain] | internal.RegionFactoryInitiator (RegionFactoryInitiator.java:50) - HHH000026: Second-level cache disabled
2024-04-18 11:37:25 | INFO  | [restartedMain] | persistenceunit.SpringPersistenceUnitInfo (SpringPersistenceUnitInfo.java:87) - No LoadTimeWeaver setup: ignoring JPA class transformer
2024-04-18 11:37:25 | INFO  | [restartedMain] | hikari.HikariDataSource (HikariDataSource.java:110) - HikariPool-4 - Starting...
2024-04-18 11:37:25 | INFO  | [restartedMain] | pool.HikariPool (HikariPool.java:565) - HikariPool-4 - Added connection com.mysql.cj.jdbc.ConnectionImpl@32e2a811
2024-04-18 11:37:25 | INFO  | [restartedMain] | hikari.HikariDataSource (HikariDataSource.java:123) - HikariPool-4 - Start completed.
2024-04-18 11:37:25 | WARN  | [restartedMain] | internal.DialectFactoryImpl (DialectFactoryImpl.java:153) - HHH90000025: MySQLDialect does not need to be specified explicitly using 'hibernate.dialect' (remove the property setting and it will be selected by default)
2024-04-18 11:37:25 | INFO  | [restartedMain] | internal.JtaPlatformInitiator (JtaPlatformInitiator.java:58) - HHH000489: No JTA platform available (set 'hibernate.transaction.jta.platform' to enable JTA platform integration)
2024-04-18 11:37:25 | INFO  | [restartedMain] | jpa.AbstractEntityManagerFactoryBean (AbstractEntityManagerFactoryBean.java:437) - Initialized JPA EntityManagerFactory for persistence unit 'default'
2024-04-18 11:37:25 | WARN  | [restartedMain] | jpa.JpaBaseConfiguration$JpaWebConfiguration (JpaBaseConfiguration.java:232) - spring.jpa.open-in-view is enabled by default. Therefore, database queries may be performed during view rendering. Explicitly configure spring.jpa.open-in-view to disable this warning
2024-04-18 11:37:25 | INFO  | [restartedMain] | web.DefaultSecurityFilterChain (DefaultSecurityFilterChain.java:54) - Will secure any request with [org.springframework.security.web.session.DisableEncodeUrlFilter@1799d41f, org.springframework.security.web.context.request.async.WebAsyncManagerIntegrationFilter@1b79af23, org.springframework.security.web.context.SecurityContextHolderFilter@27a72e09, org.springframework.security.web.header.HeaderWriterFilter@937f18f, org.springframework.web.filter.CorsFilter@112f4a5a, org.springframework.security.web.csrf.CsrfFilter@2b860c3, org.springframework.security.web.authentication.logout.LogoutFilter@1f5d202b, org.springframework.security.web.authentication.UsernamePasswordAuthenticationFilter@6133ec6a, org.springframework.security.web.savedrequest.RequestCacheAwareFilter@66d8ec46, org.springframework.security.web.servletapi.SecurityContextHolderAwareRequestFilter@3799b583, org.springframework.security.web.authentication.AnonymousAuthenticationFilter@6f01a4a9, org.springframework.security.web.access.ExceptionTranslationFilter@17a0d4b, org.springframework.security.web.access.intercept.AuthorizationFilter@4489daac]
2024-04-18 11:37:25 | INFO  | [restartedMain] | autoconfigure.OptionalLiveReloadServer (OptionalLiveReloadServer.java:59) - LiveReload server is running on port 35729
2024-04-18 11:37:25 | INFO  | [restartedMain] | logging.DirectJDKLog (DirectJDKLog.java:173) - Starting ProtocolHandler ["http-nio-8080"]
2024-04-18 11:37:25 | INFO  | [restartedMain] | tomcat.TomcatWebServer (TomcatWebServer.java:241) - Tomcat started on port 8080 (http) with context path ''
2024-04-18 11:37:25 | INFO  | [restartedMain] | boot.StartupInfoLogger (StartupInfoLogger.java:56) - Started CreditCardAppApplication in 0.925 seconds (process running for 707.827)
2024-04-18 11:37:25 | INFO  | [restartedMain] | autoconfigure.ConditionEvaluationDeltaLoggingListener (ConditionEvaluationDeltaLoggingListener.java:63) - Condition evaluation unchanged
2024-04-18 11:37:36 | INFO  | [http-nio-8080-exec-1] | logging.DirectJDKLog (DirectJDKLog.java:173) - Initializing Spring DispatcherServlet 'dispatcherServlet'
2024-04-18 11:37:36 | INFO  | [http-nio-8080-exec-1] | servlet.FrameworkServlet (FrameworkServlet.java:532) - Initializing Servlet 'dispatcherServlet'
2024-04-18 11:37:36 | INFO  | [http-nio-8080-exec-1] | servlet.FrameworkServlet (FrameworkServlet.java:554) - Completed initialization in 1 ms
2024-04-18 11:38:36 | INFO  | [File Watcher] | autoconfigure.LocalDevToolsAutoConfiguration$RestartingClassPathChangeChangedEventListener (LocalDevToolsAutoConfiguration.java:211) - Restarting due to 1 class path change (0 additions, 0 deletions, 1 modification)
2024-04-18 11:38:36 | INFO  | [Thread-15] | logging.DirectJDKLog (DirectJDKLog.java:173) - Stopping ProtocolHandler ["http-nio-8080"]
2024-04-18 11:38:36 | INFO  | [Thread-15] | jpa.AbstractEntityManagerFactoryBean (AbstractEntityManagerFactoryBean.java:650) - Closing JPA EntityManagerFactory for persistence unit 'default'
2024-04-18 11:38:36 | INFO  | [Thread-15] | hikari.HikariDataSource (HikariDataSource.java:350) - HikariPool-4 - Shutdown initiated...
2024-04-18 11:38:36 | INFO  | [Thread-15] | hikari.HikariDataSource (HikariDataSource.java:352) - HikariPool-4 - Shutdown completed.
2024-04-18 11:38:36 | INFO  | [restartedMain] | boot.StartupInfoLogger (StartupInfoLogger.java:50) - Starting CreditCardAppApplication using Java 17.0.9 with PID 34164 (C:\Users\mpaci\OneDrive\Work\FDM\Week12_APM\credit-o-cube\target\classes started by mpaci in C:\Users\mpaci\OneDrive\Work\FDM\Week12_APM\credit-o-cube)
2024-04-18 11:38:36 | DEBUG | [restartedMain] | boot.StartupInfoLogger (StartupInfoLogger.java:51) - Running with Spring Boot v3.2.4, Spring v6.1.5
2024-04-18 11:38:36 | INFO  | [restartedMain] | boot.SpringApplication (SpringApplication.java:654) - No active profile set, falling back to 1 default profile: "default"
2024-04-18 11:38:36 | INFO  | [restartedMain] | config.RepositoryConfigurationDelegate (RepositoryConfigurationDelegate.java:139) - Bootstrapping Spring Data JPA repositories in DEFAULT mode.
2024-04-18 11:38:36 | INFO  | [restartedMain] | config.RepositoryConfigurationDelegate (RepositoryConfigurationDelegate.java:208) - Finished Spring Data repository scanning in 14 ms. Found 3 JPA repository interfaces.
2024-04-18 11:38:36 | INFO  | [restartedMain] | tomcat.TomcatWebServer (TomcatWebServer.java:109) - Tomcat initialized with port 8080 (http)
2024-04-18 11:38:36 | INFO  | [restartedMain] | logging.DirectJDKLog (DirectJDKLog.java:173) - Initializing ProtocolHandler ["http-nio-8080"]
2024-04-18 11:38:36 | INFO  | [restartedMain] | logging.DirectJDKLog (DirectJDKLog.java:173) - Starting service [Tomcat]
2024-04-18 11:38:36 | INFO  | [restartedMain] | logging.DirectJDKLog (DirectJDKLog.java:173) - Starting Servlet engine: [Apache Tomcat/10.1.19]
2024-04-18 11:38:37 | INFO  | [restartedMain] | logging.DirectJDKLog (DirectJDKLog.java:173) - Initializing Spring embedded WebApplicationContext
2024-04-18 11:38:37 | INFO  | [restartedMain] | context.ServletWebServerApplicationContext (ServletWebServerApplicationContext.java:296) - Root WebApplicationContext: initialization completed in 345 ms
2024-04-18 11:38:37 | INFO  | [restartedMain] | util.LogHelper (LogHelper.java:31) - HHH000204: Processing PersistenceUnitInfo [name: default]
2024-04-18 11:38:37 | INFO  | [restartedMain] | internal.RegionFactoryInitiator (RegionFactoryInitiator.java:50) - HHH000026: Second-level cache disabled
2024-04-18 11:38:37 | INFO  | [restartedMain] | persistenceunit.SpringPersistenceUnitInfo (SpringPersistenceUnitInfo.java:87) - No LoadTimeWeaver setup: ignoring JPA class transformer
2024-04-18 11:38:37 | INFO  | [restartedMain] | hikari.HikariDataSource (HikariDataSource.java:110) - HikariPool-5 - Starting...
2024-04-18 11:38:37 | INFO  | [restartedMain] | pool.HikariPool (HikariPool.java:565) - HikariPool-5 - Added connection com.mysql.cj.jdbc.ConnectionImpl@44675ec9
2024-04-18 11:38:37 | INFO  | [restartedMain] | hikari.HikariDataSource (HikariDataSource.java:123) - HikariPool-5 - Start completed.
2024-04-18 11:38:37 | WARN  | [restartedMain] | internal.DialectFactoryImpl (DialectFactoryImpl.java:153) - HHH90000025: MySQLDialect does not need to be specified explicitly using 'hibernate.dialect' (remove the property setting and it will be selected by default)
2024-04-18 11:38:37 | INFO  | [restartedMain] | internal.JtaPlatformInitiator (JtaPlatformInitiator.java:58) - HHH000489: No JTA platform available (set 'hibernate.transaction.jta.platform' to enable JTA platform integration)
2024-04-18 11:38:37 | INFO  | [restartedMain] | jpa.AbstractEntityManagerFactoryBean (AbstractEntityManagerFactoryBean.java:437) - Initialized JPA EntityManagerFactory for persistence unit 'default'
2024-04-18 11:38:37 | WARN  | [restartedMain] | jpa.JpaBaseConfiguration$JpaWebConfiguration (JpaBaseConfiguration.java:232) - spring.jpa.open-in-view is enabled by default. Therefore, database queries may be performed during view rendering. Explicitly configure spring.jpa.open-in-view to disable this warning
2024-04-18 11:38:37 | INFO  | [restartedMain] | web.DefaultSecurityFilterChain (DefaultSecurityFilterChain.java:54) - Will secure any request with [org.springframework.security.web.session.DisableEncodeUrlFilter@7bab1ae8, org.springframework.security.web.context.request.async.WebAsyncManagerIntegrationFilter@74c6afd1, org.springframework.security.web.context.SecurityContextHolderFilter@19c9cf29, org.springframework.security.web.header.HeaderWriterFilter@576e52c0, org.springframework.web.filter.CorsFilter@5ead781d, org.springframework.security.web.csrf.CsrfFilter@56cab1a2, org.springframework.security.web.authentication.logout.LogoutFilter@4f081ed4, org.springframework.security.web.authentication.UsernamePasswordAuthenticationFilter@745a5409, org.springframework.security.web.savedrequest.RequestCacheAwareFilter@1a8d2a13, org.springframework.security.web.servletapi.SecurityContextHolderAwareRequestFilter@3db29743, org.springframework.security.web.authentication.AnonymousAuthenticationFilter@78f195dd, org.springframework.security.web.access.ExceptionTranslationFilter@6f691e27, org.springframework.security.web.access.intercept.AuthorizationFilter@1587f8cc]
2024-04-18 11:38:37 | INFO  | [restartedMain] | autoconfigure.OptionalLiveReloadServer (OptionalLiveReloadServer.java:59) - LiveReload server is running on port 35729
2024-04-18 11:38:37 | INFO  | [restartedMain] | logging.DirectJDKLog (DirectJDKLog.java:173) - Starting ProtocolHandler ["http-nio-8080"]
2024-04-18 11:38:37 | INFO  | [restartedMain] | tomcat.TomcatWebServer (TomcatWebServer.java:241) - Tomcat started on port 8080 (http) with context path ''
2024-04-18 11:38:37 | INFO  | [restartedMain] | boot.StartupInfoLogger (StartupInfoLogger.java:56) - Started CreditCardAppApplication in 0.789 seconds (process running for 779.259)
2024-04-18 11:38:37 | INFO  | [restartedMain] | autoconfigure.ConditionEvaluationDeltaLoggingListener (ConditionEvaluationDeltaLoggingListener.java:63) - Condition evaluation unchanged
2024-04-18 11:38:49 | INFO  | [http-nio-8080-exec-2] | logging.DirectJDKLog (DirectJDKLog.java:173) - Initializing Spring DispatcherServlet 'dispatcherServlet'
2024-04-18 11:38:49 | INFO  | [http-nio-8080-exec-2] | servlet.FrameworkServlet (FrameworkServlet.java:532) - Initializing Servlet 'dispatcherServlet'
2024-04-18 11:38:49 | INFO  | [http-nio-8080-exec-2] | servlet.FrameworkServlet (FrameworkServlet.java:554) - Completed initialization in 1 ms
2024-04-18 11:42:10 | INFO  | [File Watcher] | autoconfigure.LocalDevToolsAutoConfiguration$RestartingClassPathChangeChangedEventListener (LocalDevToolsAutoConfiguration.java:211) - Restarting due to 1 class path change (0 additions, 0 deletions, 1 modification)
2024-04-18 11:42:10 | INFO  | [Thread-19] | logging.DirectJDKLog (DirectJDKLog.java:173) - Stopping ProtocolHandler ["http-nio-8080"]
2024-04-18 11:42:10 | INFO  | [Thread-19] | jpa.AbstractEntityManagerFactoryBean (AbstractEntityManagerFactoryBean.java:650) - Closing JPA EntityManagerFactory for persistence unit 'default'
2024-04-18 11:42:10 | INFO  | [Thread-19] | hikari.HikariDataSource (HikariDataSource.java:350) - HikariPool-5 - Shutdown initiated...
2024-04-18 11:42:10 | INFO  | [Thread-19] | hikari.HikariDataSource (HikariDataSource.java:352) - HikariPool-5 - Shutdown completed.
2024-04-18 11:42:10 | INFO  | [restartedMain] | boot.StartupInfoLogger (StartupInfoLogger.java:50) - Starting CreditCardAppApplication using Java 17.0.9 with PID 34164 (C:\Users\mpaci\OneDrive\Work\FDM\Week12_APM\credit-o-cube\target\classes started by mpaci in C:\Users\mpaci\OneDrive\Work\FDM\Week12_APM\credit-o-cube)
2024-04-18 11:42:10 | DEBUG | [restartedMain] | boot.StartupInfoLogger (StartupInfoLogger.java:51) - Running with Spring Boot v3.2.4, Spring v6.1.5
2024-04-18 11:42:10 | INFO  | [restartedMain] | boot.SpringApplication (SpringApplication.java:654) - No active profile set, falling back to 1 default profile: "default"
2024-04-18 11:42:11 | INFO  | [restartedMain] | config.RepositoryConfigurationDelegate (RepositoryConfigurationDelegate.java:139) - Bootstrapping Spring Data JPA repositories in DEFAULT mode.
2024-04-18 11:42:11 | INFO  | [restartedMain] | config.RepositoryConfigurationDelegate (RepositoryConfigurationDelegate.java:208) - Finished Spring Data repository scanning in 17 ms. Found 3 JPA repository interfaces.
2024-04-18 11:42:11 | INFO  | [restartedMain] | tomcat.TomcatWebServer (TomcatWebServer.java:109) - Tomcat initialized with port 8080 (http)
2024-04-18 11:42:11 | INFO  | [restartedMain] | logging.DirectJDKLog (DirectJDKLog.java:173) - Initializing ProtocolHandler ["http-nio-8080"]
2024-04-18 11:42:11 | INFO  | [restartedMain] | logging.DirectJDKLog (DirectJDKLog.java:173) - Starting service [Tomcat]
2024-04-18 11:42:11 | INFO  | [restartedMain] | logging.DirectJDKLog (DirectJDKLog.java:173) - Starting Servlet engine: [Apache Tomcat/10.1.19]
2024-04-18 11:42:11 | INFO  | [restartedMain] | logging.DirectJDKLog (DirectJDKLog.java:173) - Initializing Spring embedded WebApplicationContext
2024-04-18 11:42:11 | INFO  | [restartedMain] | context.ServletWebServerApplicationContext (ServletWebServerApplicationContext.java:296) - Root WebApplicationContext: initialization completed in 348 ms
2024-04-18 11:42:11 | INFO  | [restartedMain] | util.LogHelper (LogHelper.java:31) - HHH000204: Processing PersistenceUnitInfo [name: default]
2024-04-18 11:42:11 | INFO  | [restartedMain] | internal.RegionFactoryInitiator (RegionFactoryInitiator.java:50) - HHH000026: Second-level cache disabled
2024-04-18 11:42:11 | INFO  | [restartedMain] | persistenceunit.SpringPersistenceUnitInfo (SpringPersistenceUnitInfo.java:87) - No LoadTimeWeaver setup: ignoring JPA class transformer
2024-04-18 11:42:11 | INFO  | [restartedMain] | hikari.HikariDataSource (HikariDataSource.java:110) - HikariPool-6 - Starting...
2024-04-18 11:42:11 | INFO  | [restartedMain] | pool.HikariPool (HikariPool.java:565) - HikariPool-6 - Added connection com.mysql.cj.jdbc.ConnectionImpl@4c76a24d
2024-04-18 11:42:11 | INFO  | [restartedMain] | hikari.HikariDataSource (HikariDataSource.java:123) - HikariPool-6 - Start completed.
2024-04-18 11:42:11 | WARN  | [restartedMain] | internal.DialectFactoryImpl (DialectFactoryImpl.java:153) - HHH90000025: MySQLDialect does not need to be specified explicitly using 'hibernate.dialect' (remove the property setting and it will be selected by default)
2024-04-18 11:42:11 | INFO  | [restartedMain] | internal.JtaPlatformInitiator (JtaPlatformInitiator.java:58) - HHH000489: No JTA platform available (set 'hibernate.transaction.jta.platform' to enable JTA platform integration)
2024-04-18 11:42:11 | INFO  | [restartedMain] | jpa.AbstractEntityManagerFactoryBean (AbstractEntityManagerFactoryBean.java:437) - Initialized JPA EntityManagerFactory for persistence unit 'default'
2024-04-18 11:42:11 | WARN  | [restartedMain] | jpa.JpaBaseConfiguration$JpaWebConfiguration (JpaBaseConfiguration.java:232) - spring.jpa.open-in-view is enabled by default. Therefore, database queries may be performed during view rendering. Explicitly configure spring.jpa.open-in-view to disable this warning
2024-04-18 11:42:11 | INFO  | [restartedMain] | web.DefaultSecurityFilterChain (DefaultSecurityFilterChain.java:54) - Will secure any request with [org.springframework.security.web.session.DisableEncodeUrlFilter@65e4108, org.springframework.security.web.context.request.async.WebAsyncManagerIntegrationFilter@62aa97cc, org.springframework.security.web.context.SecurityContextHolderFilter@2ab1dab6, org.springframework.security.web.header.HeaderWriterFilter@754358ae, org.springframework.web.filter.CorsFilter@2d79ffdb, org.springframework.security.web.csrf.CsrfFilter@4ec756a0, org.springframework.security.web.authentication.logout.LogoutFilter@3568ac29, org.springframework.security.web.authentication.UsernamePasswordAuthenticationFilter@76a7a211, org.springframework.security.web.savedrequest.RequestCacheAwareFilter@5e37fb16, org.springframework.security.web.servletapi.SecurityContextHolderAwareRequestFilter@7ec1119e, org.springframework.security.web.authentication.AnonymousAuthenticationFilter@6685774f, org.springframework.security.web.access.ExceptionTranslationFilter@4bad6f69, org.springframework.security.web.access.intercept.AuthorizationFilter@225da83a]
2024-04-18 11:42:11 | INFO  | [restartedMain] | autoconfigure.OptionalLiveReloadServer (OptionalLiveReloadServer.java:59) - LiveReload server is running on port 35729
2024-04-18 11:42:11 | INFO  | [restartedMain] | logging.DirectJDKLog (DirectJDKLog.java:173) - Starting ProtocolHandler ["http-nio-8080"]
2024-04-18 11:42:11 | INFO  | [restartedMain] | tomcat.TomcatWebServer (TomcatWebServer.java:241) - Tomcat started on port 8080 (http) with context path ''
2024-04-18 11:42:11 | INFO  | [restartedMain] | boot.StartupInfoLogger (StartupInfoLogger.java:56) - Started CreditCardAppApplication in 0.856 seconds (process running for 993.479)
2024-04-18 11:42:11 | INFO  | [restartedMain] | autoconfigure.ConditionEvaluationDeltaLoggingListener (ConditionEvaluationDeltaLoggingListener.java:63) - Condition evaluation unchanged
2024-04-18 11:43:22 | INFO  | [http-nio-8080-exec-1] | logging.DirectJDKLog (DirectJDKLog.java:173) - Initializing Spring DispatcherServlet 'dispatcherServlet'
2024-04-18 11:43:22 | INFO  | [http-nio-8080-exec-1] | servlet.FrameworkServlet (FrameworkServlet.java:532) - Initializing Servlet 'dispatcherServlet'
2024-04-18 11:43:22 | INFO  | [http-nio-8080-exec-1] | servlet.FrameworkServlet (FrameworkServlet.java:554) - Completed initialization in 0 ms
2024-04-18 11:46:39 | INFO  | [File Watcher] | autoconfigure.LocalDevToolsAutoConfiguration$RestartingClassPathChangeChangedEventListener (LocalDevToolsAutoConfiguration.java:211) - Restarting due to 1 class path change (0 additions, 0 deletions, 1 modification)
2024-04-18 11:46:39 | INFO  | [Thread-23] | logging.DirectJDKLog (DirectJDKLog.java:173) - Stopping ProtocolHandler ["http-nio-8080"]
2024-04-18 11:46:39 | INFO  | [Thread-23] | jpa.AbstractEntityManagerFactoryBean (AbstractEntityManagerFactoryBean.java:650) - Closing JPA EntityManagerFactory for persistence unit 'default'
2024-04-18 11:46:39 | INFO  | [Thread-23] | hikari.HikariDataSource (HikariDataSource.java:350) - HikariPool-6 - Shutdown initiated...
2024-04-18 11:46:39 | INFO  | [Thread-23] | hikari.HikariDataSource (HikariDataSource.java:352) - HikariPool-6 - Shutdown completed.
2024-04-18 11:46:39 | INFO  | [restartedMain] | boot.StartupInfoLogger (StartupInfoLogger.java:50) - Starting CreditCardAppApplication using Java 17.0.9 with PID 34164 (C:\Users\mpaci\OneDrive\Work\FDM\Week12_APM\credit-o-cube\target\classes started by mpaci in C:\Users\mpaci\OneDrive\Work\FDM\Week12_APM\credit-o-cube)
2024-04-18 11:46:39 | DEBUG | [restartedMain] | boot.StartupInfoLogger (StartupInfoLogger.java:51) - Running with Spring Boot v3.2.4, Spring v6.1.5
2024-04-18 11:46:39 | INFO  | [restartedMain] | boot.SpringApplication (SpringApplication.java:654) - No active profile set, falling back to 1 default profile: "default"
2024-04-18 11:46:39 | INFO  | [restartedMain] | config.RepositoryConfigurationDelegate (RepositoryConfigurationDelegate.java:139) - Bootstrapping Spring Data JPA repositories in DEFAULT mode.
2024-04-18 11:46:39 | INFO  | [restartedMain] | config.RepositoryConfigurationDelegate (RepositoryConfigurationDelegate.java:208) - Finished Spring Data repository scanning in 17 ms. Found 3 JPA repository interfaces.
2024-04-18 11:46:39 | INFO  | [restartedMain] | tomcat.TomcatWebServer (TomcatWebServer.java:109) - Tomcat initialized with port 8080 (http)
2024-04-18 11:46:39 | INFO  | [restartedMain] | logging.DirectJDKLog (DirectJDKLog.java:173) - Initializing ProtocolHandler ["http-nio-8080"]
2024-04-18 11:46:39 | INFO  | [restartedMain] | logging.DirectJDKLog (DirectJDKLog.java:173) - Starting service [Tomcat]
2024-04-18 11:46:39 | INFO  | [restartedMain] | logging.DirectJDKLog (DirectJDKLog.java:173) - Starting Servlet engine: [Apache Tomcat/10.1.19]
2024-04-18 11:46:39 | INFO  | [restartedMain] | logging.DirectJDKLog (DirectJDKLog.java:173) - Initializing Spring embedded WebApplicationContext
2024-04-18 11:46:39 | INFO  | [restartedMain] | context.ServletWebServerApplicationContext (ServletWebServerApplicationContext.java:296) - Root WebApplicationContext: initialization completed in 349 ms
2024-04-18 11:46:39 | INFO  | [restartedMain] | util.LogHelper (LogHelper.java:31) - HHH000204: Processing PersistenceUnitInfo [name: default]
2024-04-18 11:46:39 | INFO  | [restartedMain] | internal.RegionFactoryInitiator (RegionFactoryInitiator.java:50) - HHH000026: Second-level cache disabled
2024-04-18 11:46:39 | INFO  | [restartedMain] | persistenceunit.SpringPersistenceUnitInfo (SpringPersistenceUnitInfo.java:87) - No LoadTimeWeaver setup: ignoring JPA class transformer
2024-04-18 11:46:39 | INFO  | [restartedMain] | hikari.HikariDataSource (HikariDataSource.java:110) - HikariPool-7 - Starting...
2024-04-18 11:46:39 | INFO  | [restartedMain] | pool.HikariPool (HikariPool.java:565) - HikariPool-7 - Added connection com.mysql.cj.jdbc.ConnectionImpl@4c3ad348
2024-04-18 11:46:39 | INFO  | [restartedMain] | hikari.HikariDataSource (HikariDataSource.java:123) - HikariPool-7 - Start completed.
2024-04-18 11:46:39 | WARN  | [restartedMain] | internal.DialectFactoryImpl (DialectFactoryImpl.java:153) - HHH90000025: MySQLDialect does not need to be specified explicitly using 'hibernate.dialect' (remove the property setting and it will be selected by default)
2024-04-18 11:46:40 | INFO  | [restartedMain] | internal.JtaPlatformInitiator (JtaPlatformInitiator.java:58) - HHH000489: No JTA platform available (set 'hibernate.transaction.jta.platform' to enable JTA platform integration)
2024-04-18 11:46:40 | INFO  | [restartedMain] | jpa.AbstractEntityManagerFactoryBean (AbstractEntityManagerFactoryBean.java:437) - Initialized JPA EntityManagerFactory for persistence unit 'default'
2024-04-18 11:46:40 | WARN  | [restartedMain] | jpa.JpaBaseConfiguration$JpaWebConfiguration (JpaBaseConfiguration.java:232) - spring.jpa.open-in-view is enabled by default. Therefore, database queries may be performed during view rendering. Explicitly configure spring.jpa.open-in-view to disable this warning
2024-04-18 11:46:40 | INFO  | [restartedMain] | web.DefaultSecurityFilterChain (DefaultSecurityFilterChain.java:54) - Will secure any request with [org.springframework.security.web.session.DisableEncodeUrlFilter@789d4cb6, org.springframework.security.web.context.request.async.WebAsyncManagerIntegrationFilter@73f1c0af, org.springframework.security.web.context.SecurityContextHolderFilter@23cd3a60, org.springframework.security.web.header.HeaderWriterFilter@223875b6, org.springframework.web.filter.CorsFilter@28ab9e8a, org.springframework.security.web.csrf.CsrfFilter@12d4ac25, org.springframework.security.web.authentication.logout.LogoutFilter@439af17a, org.springframework.security.web.authentication.UsernamePasswordAuthenticationFilter@6c18716e, org.springframework.security.web.savedrequest.RequestCacheAwareFilter@14cf0fb8, org.springframework.security.web.servletapi.SecurityContextHolderAwareRequestFilter@683a896d, org.springframework.security.web.authentication.AnonymousAuthenticationFilter@79709f0, org.springframework.security.web.access.ExceptionTranslationFilter@44a715d1, org.springframework.security.web.access.intercept.AuthorizationFilter@1309010a]
2024-04-18 11:46:40 | INFO  | [restartedMain] | autoconfigure.OptionalLiveReloadServer (OptionalLiveReloadServer.java:59) - LiveReload server is running on port 35729
2024-04-18 11:46:40 | INFO  | [restartedMain] | logging.DirectJDKLog (DirectJDKLog.java:173) - Starting ProtocolHandler ["http-nio-8080"]
2024-04-18 11:46:40 | INFO  | [restartedMain] | tomcat.TomcatWebServer (TomcatWebServer.java:241) - Tomcat started on port 8080 (http) with context path ''
2024-04-18 11:46:40 | INFO  | [restartedMain] | boot.StartupInfoLogger (StartupInfoLogger.java:56) - Started CreditCardAppApplication in 0.879 seconds (process running for 1262.244)
2024-04-18 11:46:40 | INFO  | [restartedMain] | autoconfigure.ConditionEvaluationDeltaLoggingListener (ConditionEvaluationDeltaLoggingListener.java:63) - Condition evaluation unchanged
2024-04-18 11:47:01 | INFO  | [http-nio-8080-exec-1] | logging.DirectJDKLog (DirectJDKLog.java:173) - Initializing Spring DispatcherServlet 'dispatcherServlet'
2024-04-18 11:47:01 | INFO  | [http-nio-8080-exec-1] | servlet.FrameworkServlet (FrameworkServlet.java:532) - Initializing Servlet 'dispatcherServlet'
2024-04-18 11:47:01 | INFO  | [http-nio-8080-exec-1] | servlet.FrameworkServlet (FrameworkServlet.java:554) - Completed initialization in 7 ms
2024-04-18 11:47:38 | INFO  | [File Watcher] | autoconfigure.LocalDevToolsAutoConfiguration$RestartingClassPathChangeChangedEventListener (LocalDevToolsAutoConfiguration.java:211) - Restarting due to 1 class path change (0 additions, 0 deletions, 1 modification)
2024-04-18 11:47:38 | INFO  | [Thread-27] | logging.DirectJDKLog (DirectJDKLog.java:173) - Stopping ProtocolHandler ["http-nio-8080"]
2024-04-18 11:47:38 | INFO  | [Thread-27] | jpa.AbstractEntityManagerFactoryBean (AbstractEntityManagerFactoryBean.java:650) - Closing JPA EntityManagerFactory for persistence unit 'default'
2024-04-18 11:47:38 | INFO  | [Thread-27] | hikari.HikariDataSource (HikariDataSource.java:350) - HikariPool-7 - Shutdown initiated...
2024-04-18 11:47:38 | INFO  | [Thread-27] | hikari.HikariDataSource (HikariDataSource.java:352) - HikariPool-7 - Shutdown completed.
2024-04-18 11:47:38 | INFO  | [restartedMain] | boot.StartupInfoLogger (StartupInfoLogger.java:50) - Starting CreditCardAppApplication using Java 17.0.9 with PID 34164 (C:\Users\mpaci\OneDrive\Work\FDM\Week12_APM\credit-o-cube\target\classes started by mpaci in C:\Users\mpaci\OneDrive\Work\FDM\Week12_APM\credit-o-cube)
2024-04-18 11:47:38 | DEBUG | [restartedMain] | boot.StartupInfoLogger (StartupInfoLogger.java:51) - Running with Spring Boot v3.2.4, Spring v6.1.5
2024-04-18 11:47:38 | INFO  | [restartedMain] | boot.SpringApplication (SpringApplication.java:654) - No active profile set, falling back to 1 default profile: "default"
2024-04-18 11:47:39 | INFO  | [restartedMain] | config.RepositoryConfigurationDelegate (RepositoryConfigurationDelegate.java:139) - Bootstrapping Spring Data JPA repositories in DEFAULT mode.
2024-04-18 11:47:39 | INFO  | [restartedMain] | config.RepositoryConfigurationDelegate (RepositoryConfigurationDelegate.java:208) - Finished Spring Data repository scanning in 14 ms. Found 3 JPA repository interfaces.
2024-04-18 11:47:39 | INFO  | [restartedMain] | tomcat.TomcatWebServer (TomcatWebServer.java:109) - Tomcat initialized with port 8080 (http)
2024-04-18 11:47:39 | INFO  | [restartedMain] | logging.DirectJDKLog (DirectJDKLog.java:173) - Initializing ProtocolHandler ["http-nio-8080"]
2024-04-18 11:47:39 | INFO  | [restartedMain] | logging.DirectJDKLog (DirectJDKLog.java:173) - Starting service [Tomcat]
2024-04-18 11:47:39 | INFO  | [restartedMain] | logging.DirectJDKLog (DirectJDKLog.java:173) - Starting Servlet engine: [Apache Tomcat/10.1.19]
2024-04-18 11:47:39 | INFO  | [restartedMain] | logging.DirectJDKLog (DirectJDKLog.java:173) - Initializing Spring embedded WebApplicationContext
2024-04-18 11:47:39 | INFO  | [restartedMain] | context.ServletWebServerApplicationContext (ServletWebServerApplicationContext.java:296) - Root WebApplicationContext: initialization completed in 369 ms
2024-04-18 11:47:39 | INFO  | [restartedMain] | util.LogHelper (LogHelper.java:31) - HHH000204: Processing PersistenceUnitInfo [name: default]
2024-04-18 11:47:39 | INFO  | [restartedMain] | internal.RegionFactoryInitiator (RegionFactoryInitiator.java:50) - HHH000026: Second-level cache disabled
2024-04-18 11:47:39 | INFO  | [restartedMain] | persistenceunit.SpringPersistenceUnitInfo (SpringPersistenceUnitInfo.java:87) - No LoadTimeWeaver setup: ignoring JPA class transformer
2024-04-18 11:47:39 | INFO  | [restartedMain] | hikari.HikariDataSource (HikariDataSource.java:110) - HikariPool-8 - Starting...
2024-04-18 11:47:39 | INFO  | [restartedMain] | pool.HikariPool (HikariPool.java:565) - HikariPool-8 - Added connection com.mysql.cj.jdbc.ConnectionImpl@5a68637b
2024-04-18 11:47:39 | INFO  | [restartedMain] | hikari.HikariDataSource (HikariDataSource.java:123) - HikariPool-8 - Start completed.
2024-04-18 11:47:39 | WARN  | [restartedMain] | internal.DialectFactoryImpl (DialectFactoryImpl.java:153) - HHH90000025: MySQLDialect does not need to be specified explicitly using 'hibernate.dialect' (remove the property setting and it will be selected by default)
2024-04-18 11:47:39 | INFO  | [restartedMain] | internal.JtaPlatformInitiator (JtaPlatformInitiator.java:58) - HHH000489: No JTA platform available (set 'hibernate.transaction.jta.platform' to enable JTA platform integration)
2024-04-18 11:47:39 | INFO  | [restartedMain] | jpa.AbstractEntityManagerFactoryBean (AbstractEntityManagerFactoryBean.java:437) - Initialized JPA EntityManagerFactory for persistence unit 'default'
2024-04-18 11:47:39 | WARN  | [restartedMain] | jpa.JpaBaseConfiguration$JpaWebConfiguration (JpaBaseConfiguration.java:232) - spring.jpa.open-in-view is enabled by default. Therefore, database queries may be performed during view rendering. Explicitly configure spring.jpa.open-in-view to disable this warning
2024-04-18 11:47:39 | INFO  | [restartedMain] | web.DefaultSecurityFilterChain (DefaultSecurityFilterChain.java:54) - Will secure any request with [org.springframework.security.web.session.DisableEncodeUrlFilter@39d7ba9c, org.springframework.security.web.context.request.async.WebAsyncManagerIntegrationFilter@7e93445c, org.springframework.security.web.context.SecurityContextHolderFilter@1b1e8ea9, org.springframework.security.web.header.HeaderWriterFilter@5e1c9f36, org.springframework.web.filter.CorsFilter@5ca9b10, org.springframework.security.web.csrf.CsrfFilter@596ea014, org.springframework.security.web.authentication.logout.LogoutFilter@2cc5aed5, org.springframework.security.web.authentication.UsernamePasswordAuthenticationFilter@38650843, org.springframework.security.web.savedrequest.RequestCacheAwareFilter@37dce3de, org.springframework.security.web.servletapi.SecurityContextHolderAwareRequestFilter@791edee8, org.springframework.security.web.authentication.AnonymousAuthenticationFilter@15fdbcfa, org.springframework.security.web.access.ExceptionTranslationFilter@55b377ea, org.springframework.security.web.access.intercept.AuthorizationFilter@7331027c]
2024-04-18 11:47:39 | INFO  | [restartedMain] | autoconfigure.OptionalLiveReloadServer (OptionalLiveReloadServer.java:59) - LiveReload server is running on port 35729
2024-04-18 11:47:39 | INFO  | [restartedMain] | logging.DirectJDKLog (DirectJDKLog.java:173) - Starting ProtocolHandler ["http-nio-8080"]
2024-04-18 11:47:39 | INFO  | [restartedMain] | tomcat.TomcatWebServer (TomcatWebServer.java:241) - Tomcat started on port 8080 (http) with context path ''
2024-04-18 11:47:39 | INFO  | [restartedMain] | boot.StartupInfoLogger (StartupInfoLogger.java:56) - Started CreditCardAppApplication in 0.823 seconds (process running for 1321.491)
2024-04-18 11:47:39 | INFO  | [restartedMain] | autoconfigure.ConditionEvaluationDeltaLoggingListener (ConditionEvaluationDeltaLoggingListener.java:63) - Condition evaluation unchanged
2024-04-18 11:48:17 | INFO  | [File Watcher] | autoconfigure.LocalDevToolsAutoConfiguration$RestartingClassPathChangeChangedEventListener (LocalDevToolsAutoConfiguration.java:211) - Restarting due to 1 class path change (0 additions, 0 deletions, 1 modification)
2024-04-18 11:48:17 | INFO  | [Thread-31] | logging.DirectJDKLog (DirectJDKLog.java:173) - Stopping ProtocolHandler ["http-nio-8080"]
2024-04-18 11:48:17 | INFO  | [Thread-31] | jpa.AbstractEntityManagerFactoryBean (AbstractEntityManagerFactoryBean.java:650) - Closing JPA EntityManagerFactory for persistence unit 'default'
2024-04-18 11:48:17 | INFO  | [Thread-31] | hikari.HikariDataSource (HikariDataSource.java:350) - HikariPool-8 - Shutdown initiated...
2024-04-18 11:48:17 | INFO  | [Thread-31] | hikari.HikariDataSource (HikariDataSource.java:352) - HikariPool-8 - Shutdown completed.
2024-04-18 11:48:17 | INFO  | [restartedMain] | boot.StartupInfoLogger (StartupInfoLogger.java:50) - Starting CreditCardAppApplication using Java 17.0.9 with PID 34164 (C:\Users\mpaci\OneDrive\Work\FDM\Week12_APM\credit-o-cube\target\classes started by mpaci in C:\Users\mpaci\OneDrive\Work\FDM\Week12_APM\credit-o-cube)
2024-04-18 11:48:17 | DEBUG | [restartedMain] | boot.StartupInfoLogger (StartupInfoLogger.java:51) - Running with Spring Boot v3.2.4, Spring v6.1.5
2024-04-18 11:48:17 | INFO  | [restartedMain] | boot.SpringApplication (SpringApplication.java:654) - No active profile set, falling back to 1 default profile: "default"
2024-04-18 11:48:17 | INFO  | [restartedMain] | config.RepositoryConfigurationDelegate (RepositoryConfigurationDelegate.java:139) - Bootstrapping Spring Data JPA repositories in DEFAULT mode.
2024-04-18 11:48:18 | INFO  | [restartedMain] | config.RepositoryConfigurationDelegate (RepositoryConfigurationDelegate.java:208) - Finished Spring Data repository scanning in 16 ms. Found 3 JPA repository interfaces.
2024-04-18 11:48:18 | INFO  | [restartedMain] | tomcat.TomcatWebServer (TomcatWebServer.java:109) - Tomcat initialized with port 8080 (http)
2024-04-18 11:48:18 | INFO  | [restartedMain] | logging.DirectJDKLog (DirectJDKLog.java:173) - Initializing ProtocolHandler ["http-nio-8080"]
2024-04-18 11:48:18 | INFO  | [restartedMain] | logging.DirectJDKLog (DirectJDKLog.java:173) - Starting service [Tomcat]
2024-04-18 11:48:18 | INFO  | [restartedMain] | logging.DirectJDKLog (DirectJDKLog.java:173) - Starting Servlet engine: [Apache Tomcat/10.1.19]
2024-04-18 11:48:18 | INFO  | [restartedMain] | logging.DirectJDKLog (DirectJDKLog.java:173) - Initializing Spring embedded WebApplicationContext
2024-04-18 11:48:18 | INFO  | [restartedMain] | context.ServletWebServerApplicationContext (ServletWebServerApplicationContext.java:296) - Root WebApplicationContext: initialization completed in 332 ms
2024-04-18 11:48:18 | INFO  | [restartedMain] | util.LogHelper (LogHelper.java:31) - HHH000204: Processing PersistenceUnitInfo [name: default]
2024-04-18 11:48:18 | INFO  | [restartedMain] | internal.RegionFactoryInitiator (RegionFactoryInitiator.java:50) - HHH000026: Second-level cache disabled
2024-04-18 11:48:18 | INFO  | [restartedMain] | persistenceunit.SpringPersistenceUnitInfo (SpringPersistenceUnitInfo.java:87) - No LoadTimeWeaver setup: ignoring JPA class transformer
2024-04-18 11:48:18 | INFO  | [restartedMain] | hikari.HikariDataSource (HikariDataSource.java:110) - HikariPool-9 - Starting...
2024-04-18 11:48:18 | INFO  | [restartedMain] | pool.HikariPool (HikariPool.java:565) - HikariPool-9 - Added connection com.mysql.cj.jdbc.ConnectionImpl@562ae068
2024-04-18 11:48:18 | INFO  | [restartedMain] | hikari.HikariDataSource (HikariDataSource.java:123) - HikariPool-9 - Start completed.
2024-04-18 11:48:18 | WARN  | [restartedMain] | internal.DialectFactoryImpl (DialectFactoryImpl.java:153) - HHH90000025: MySQLDialect does not need to be specified explicitly using 'hibernate.dialect' (remove the property setting and it will be selected by default)
2024-04-18 11:48:18 | INFO  | [restartedMain] | internal.JtaPlatformInitiator (JtaPlatformInitiator.java:58) - HHH000489: No JTA platform available (set 'hibernate.transaction.jta.platform' to enable JTA platform integration)
2024-04-18 11:48:18 | INFO  | [restartedMain] | jpa.AbstractEntityManagerFactoryBean (AbstractEntityManagerFactoryBean.java:437) - Initialized JPA EntityManagerFactory for persistence unit 'default'
2024-04-18 11:48:18 | WARN  | [restartedMain] | jpa.JpaBaseConfiguration$JpaWebConfiguration (JpaBaseConfiguration.java:232) - spring.jpa.open-in-view is enabled by default. Therefore, database queries may be performed during view rendering. Explicitly configure spring.jpa.open-in-view to disable this warning
2024-04-18 11:48:18 | INFO  | [restartedMain] | web.DefaultSecurityFilterChain (DefaultSecurityFilterChain.java:54) - Will secure any request with [org.springframework.security.web.session.DisableEncodeUrlFilter@611def34, org.springframework.security.web.context.request.async.WebAsyncManagerIntegrationFilter@290365f0, org.springframework.security.web.context.SecurityContextHolderFilter@a8f4354, org.springframework.security.web.header.HeaderWriterFilter@194888c0, org.springframework.web.filter.CorsFilter@fd9259e, org.springframework.security.web.csrf.CsrfFilter@5fdfc70b, org.springframework.security.web.authentication.logout.LogoutFilter@156855a9, org.springframework.security.web.authentication.UsernamePasswordAuthenticationFilter@368f2151, org.springframework.security.web.savedrequest.RequestCacheAwareFilter@2bc93a91, org.springframework.security.web.servletapi.SecurityContextHolderAwareRequestFilter@385ebeec, org.springframework.security.web.authentication.AnonymousAuthenticationFilter@4093189d, org.springframework.security.web.access.ExceptionTranslationFilter@776c9d11, org.springframework.security.web.access.intercept.AuthorizationFilter@3a7391e7]
2024-04-18 11:48:18 | INFO  | [restartedMain] | autoconfigure.OptionalLiveReloadServer (OptionalLiveReloadServer.java:59) - LiveReload server is running on port 35729
2024-04-18 11:48:18 | INFO  | [restartedMain] | logging.DirectJDKLog (DirectJDKLog.java:173) - Starting ProtocolHandler ["http-nio-8080"]
2024-04-18 11:48:18 | INFO  | [restartedMain] | tomcat.TomcatWebServer (TomcatWebServer.java:241) - Tomcat started on port 8080 (http) with context path ''
2024-04-18 11:48:18 | INFO  | [restartedMain] | boot.StartupInfoLogger (StartupInfoLogger.java:56) - Started CreditCardAppApplication in 0.768 seconds (process running for 1360.374)
2024-04-18 11:48:18 | INFO  | [restartedMain] | autoconfigure.ConditionEvaluationDeltaLoggingListener (ConditionEvaluationDeltaLoggingListener.java:63) - Condition evaluation unchanged
2024-04-18 11:48:37 | INFO  | [http-nio-8080-exec-1] | logging.DirectJDKLog (DirectJDKLog.java:173) - Initializing Spring DispatcherServlet 'dispatcherServlet'
2024-04-18 11:48:37 | INFO  | [http-nio-8080-exec-1] | servlet.FrameworkServlet (FrameworkServlet.java:532) - Initializing Servlet 'dispatcherServlet'
2024-04-18 11:48:37 | INFO  | [http-nio-8080-exec-1] | servlet.FrameworkServlet (FrameworkServlet.java:554) - Completed initialization in 2 ms
2024-04-18 11:49:54 | INFO  | [File Watcher] | autoconfigure.LocalDevToolsAutoConfiguration$RestartingClassPathChangeChangedEventListener (LocalDevToolsAutoConfiguration.java:211) - Restarting due to 1 class path change (0 additions, 0 deletions, 1 modification)
2024-04-18 11:49:54 | INFO  | [Thread-35] | logging.DirectJDKLog (DirectJDKLog.java:173) - Stopping ProtocolHandler ["http-nio-8080"]
2024-04-18 11:49:54 | INFO  | [Thread-35] | jpa.AbstractEntityManagerFactoryBean (AbstractEntityManagerFactoryBean.java:650) - Closing JPA EntityManagerFactory for persistence unit 'default'
2024-04-18 11:49:54 | INFO  | [Thread-35] | hikari.HikariDataSource (HikariDataSource.java:350) - HikariPool-9 - Shutdown initiated...
2024-04-18 11:49:54 | INFO  | [Thread-35] | hikari.HikariDataSource (HikariDataSource.java:352) - HikariPool-9 - Shutdown completed.
2024-04-18 11:49:54 | INFO  | [restartedMain] | boot.StartupInfoLogger (StartupInfoLogger.java:50) - Starting CreditCardAppApplication using Java 17.0.9 with PID 34164 (C:\Users\mpaci\OneDrive\Work\FDM\Week12_APM\credit-o-cube\target\classes started by mpaci in C:\Users\mpaci\OneDrive\Work\FDM\Week12_APM\credit-o-cube)
2024-04-18 11:49:54 | DEBUG | [restartedMain] | boot.StartupInfoLogger (StartupInfoLogger.java:51) - Running with Spring Boot v3.2.4, Spring v6.1.5
2024-04-18 11:49:54 | INFO  | [restartedMain] | boot.SpringApplication (SpringApplication.java:654) - No active profile set, falling back to 1 default profile: "default"
2024-04-18 11:49:54 | INFO  | [restartedMain] | config.RepositoryConfigurationDelegate (RepositoryConfigurationDelegate.java:139) - Bootstrapping Spring Data JPA repositories in DEFAULT mode.
2024-04-18 11:49:54 | INFO  | [restartedMain] | config.RepositoryConfigurationDelegate (RepositoryConfigurationDelegate.java:208) - Finished Spring Data repository scanning in 13 ms. Found 3 JPA repository interfaces.
2024-04-18 11:49:54 | INFO  | [restartedMain] | tomcat.TomcatWebServer (TomcatWebServer.java:109) - Tomcat initialized with port 8080 (http)
2024-04-18 11:49:54 | INFO  | [restartedMain] | logging.DirectJDKLog (DirectJDKLog.java:173) - Initializing ProtocolHandler ["http-nio-8080"]
2024-04-18 11:49:54 | INFO  | [restartedMain] | logging.DirectJDKLog (DirectJDKLog.java:173) - Starting service [Tomcat]
2024-04-18 11:49:54 | INFO  | [restartedMain] | logging.DirectJDKLog (DirectJDKLog.java:173) - Starting Servlet engine: [Apache Tomcat/10.1.19]
2024-04-18 11:49:54 | INFO  | [restartedMain] | logging.DirectJDKLog (DirectJDKLog.java:173) - Initializing Spring embedded WebApplicationContext
2024-04-18 11:49:54 | INFO  | [restartedMain] | context.ServletWebServerApplicationContext (ServletWebServerApplicationContext.java:296) - Root WebApplicationContext: initialization completed in 347 ms
2024-04-18 11:49:54 | INFO  | [restartedMain] | util.LogHelper (LogHelper.java:31) - HHH000204: Processing PersistenceUnitInfo [name: default]
2024-04-18 11:49:54 | INFO  | [restartedMain] | internal.RegionFactoryInitiator (RegionFactoryInitiator.java:50) - HHH000026: Second-level cache disabled
2024-04-18 11:49:54 | INFO  | [restartedMain] | persistenceunit.SpringPersistenceUnitInfo (SpringPersistenceUnitInfo.java:87) - No LoadTimeWeaver setup: ignoring JPA class transformer
2024-04-18 11:49:54 | INFO  | [restartedMain] | hikari.HikariDataSource (HikariDataSource.java:110) - HikariPool-10 - Starting...
2024-04-18 11:49:54 | INFO  | [restartedMain] | pool.HikariPool (HikariPool.java:565) - HikariPool-10 - Added connection com.mysql.cj.jdbc.ConnectionImpl@6500220a
2024-04-18 11:49:54 | INFO  | [restartedMain] | hikari.HikariDataSource (HikariDataSource.java:123) - HikariPool-10 - Start completed.
2024-04-18 11:49:54 | WARN  | [restartedMain] | internal.DialectFactoryImpl (DialectFactoryImpl.java:153) - HHH90000025: MySQLDialect does not need to be specified explicitly using 'hibernate.dialect' (remove the property setting and it will be selected by default)
2024-04-18 11:49:54 | INFO  | [restartedMain] | internal.JtaPlatformInitiator (JtaPlatformInitiator.java:58) - HHH000489: No JTA platform available (set 'hibernate.transaction.jta.platform' to enable JTA platform integration)
2024-04-18 11:49:54 | INFO  | [restartedMain] | jpa.AbstractEntityManagerFactoryBean (AbstractEntityManagerFactoryBean.java:437) - Initialized JPA EntityManagerFactory for persistence unit 'default'
2024-04-18 11:49:54 | WARN  | [restartedMain] | jpa.JpaBaseConfiguration$JpaWebConfiguration (JpaBaseConfiguration.java:232) - spring.jpa.open-in-view is enabled by default. Therefore, database queries may be performed during view rendering. Explicitly configure spring.jpa.open-in-view to disable this warning
2024-04-18 11:49:55 | INFO  | [restartedMain] | web.DefaultSecurityFilterChain (DefaultSecurityFilterChain.java:54) - Will secure any request with [org.springframework.security.web.session.DisableEncodeUrlFilter@474ff7a, org.springframework.security.web.context.request.async.WebAsyncManagerIntegrationFilter@b0289d4, org.springframework.security.web.context.SecurityContextHolderFilter@59f960ff, org.springframework.security.web.header.HeaderWriterFilter@77809477, org.springframework.web.filter.CorsFilter@3703e569, org.springframework.security.web.csrf.CsrfFilter@66999f1, org.springframework.security.web.authentication.logout.LogoutFilter@318949e2, org.springframework.security.web.authentication.UsernamePasswordAuthenticationFilter@7f497f28, org.springframework.security.web.savedrequest.RequestCacheAwareFilter@1315dc20, org.springframework.security.web.servletapi.SecurityContextHolderAwareRequestFilter@50b52eb4, org.springframework.security.web.authentication.AnonymousAuthenticationFilter@3076c9e, org.springframework.security.web.access.ExceptionTranslationFilter@223c3be5, org.springframework.security.web.access.intercept.AuthorizationFilter@75f9388d]
2024-04-18 11:49:55 | INFO  | [restartedMain] | autoconfigure.OptionalLiveReloadServer (OptionalLiveReloadServer.java:59) - LiveReload server is running on port 35729
2024-04-18 11:49:55 | INFO  | [restartedMain] | logging.DirectJDKLog (DirectJDKLog.java:173) - Starting ProtocolHandler ["http-nio-8080"]
2024-04-18 11:49:55 | INFO  | [restartedMain] | tomcat.TomcatWebServer (TomcatWebServer.java:241) - Tomcat started on port 8080 (http) with context path ''
2024-04-18 11:49:55 | INFO  | [restartedMain] | boot.StartupInfoLogger (StartupInfoLogger.java:56) - Started CreditCardAppApplication in 0.789 seconds (process running for 1456.937)
2024-04-18 11:49:55 | INFO  | [restartedMain] | autoconfigure.ConditionEvaluationDeltaLoggingListener (ConditionEvaluationDeltaLoggingListener.java:63) - Condition evaluation unchanged
2024-04-18 11:50:04 | INFO  | [File Watcher] | autoconfigure.LocalDevToolsAutoConfiguration$RestartingClassPathChangeChangedEventListener (LocalDevToolsAutoConfiguration.java:211) - Restarting due to 1 class path change (0 additions, 0 deletions, 1 modification)
2024-04-18 11:50:04 | INFO  | [Thread-39] | logging.DirectJDKLog (DirectJDKLog.java:173) - Stopping ProtocolHandler ["http-nio-8080"]
2024-04-18 11:50:04 | INFO  | [Thread-39] | jpa.AbstractEntityManagerFactoryBean (AbstractEntityManagerFactoryBean.java:650) - Closing JPA EntityManagerFactory for persistence unit 'default'
2024-04-18 11:50:04 | INFO  | [Thread-39] | hikari.HikariDataSource (HikariDataSource.java:350) - HikariPool-10 - Shutdown initiated...
2024-04-18 11:50:04 | INFO  | [Thread-39] | hikari.HikariDataSource (HikariDataSource.java:352) - HikariPool-10 - Shutdown completed.
2024-04-18 11:50:05 | INFO  | [restartedMain] | boot.StartupInfoLogger (StartupInfoLogger.java:50) - Starting CreditCardAppApplication using Java 17.0.9 with PID 34164 (C:\Users\mpaci\OneDrive\Work\FDM\Week12_APM\credit-o-cube\target\classes started by mpaci in C:\Users\mpaci\OneDrive\Work\FDM\Week12_APM\credit-o-cube)
2024-04-18 11:50:05 | DEBUG | [restartedMain] | boot.StartupInfoLogger (StartupInfoLogger.java:51) - Running with Spring Boot v3.2.4, Spring v6.1.5
2024-04-18 11:50:05 | INFO  | [restartedMain] | boot.SpringApplication (SpringApplication.java:654) - No active profile set, falling back to 1 default profile: "default"
2024-04-18 11:50:05 | INFO  | [restartedMain] | config.RepositoryConfigurationDelegate (RepositoryConfigurationDelegate.java:139) - Bootstrapping Spring Data JPA repositories in DEFAULT mode.
2024-04-18 11:50:05 | INFO  | [restartedMain] | config.RepositoryConfigurationDelegate (RepositoryConfigurationDelegate.java:208) - Finished Spring Data repository scanning in 13 ms. Found 3 JPA repository interfaces.
2024-04-18 11:50:05 | INFO  | [restartedMain] | tomcat.TomcatWebServer (TomcatWebServer.java:109) - Tomcat initialized with port 8080 (http)
2024-04-18 11:50:05 | INFO  | [restartedMain] | logging.DirectJDKLog (DirectJDKLog.java:173) - Initializing ProtocolHandler ["http-nio-8080"]
2024-04-18 11:50:05 | INFO  | [restartedMain] | logging.DirectJDKLog (DirectJDKLog.java:173) - Starting service [Tomcat]
2024-04-18 11:50:05 | INFO  | [restartedMain] | logging.DirectJDKLog (DirectJDKLog.java:173) - Starting Servlet engine: [Apache Tomcat/10.1.19]
2024-04-18 11:50:05 | INFO  | [restartedMain] | logging.DirectJDKLog (DirectJDKLog.java:173) - Initializing Spring embedded WebApplicationContext
2024-04-18 11:50:05 | INFO  | [restartedMain] | context.ServletWebServerApplicationContext (ServletWebServerApplicationContext.java:296) - Root WebApplicationContext: initialization completed in 322 ms
2024-04-18 11:50:05 | INFO  | [restartedMain] | util.LogHelper (LogHelper.java:31) - HHH000204: Processing PersistenceUnitInfo [name: default]
2024-04-18 11:50:05 | INFO  | [restartedMain] | internal.RegionFactoryInitiator (RegionFactoryInitiator.java:50) - HHH000026: Second-level cache disabled
2024-04-18 11:50:05 | INFO  | [restartedMain] | persistenceunit.SpringPersistenceUnitInfo (SpringPersistenceUnitInfo.java:87) - No LoadTimeWeaver setup: ignoring JPA class transformer
2024-04-18 11:50:05 | INFO  | [restartedMain] | hikari.HikariDataSource (HikariDataSource.java:110) - HikariPool-11 - Starting...
2024-04-18 11:50:05 | INFO  | [restartedMain] | pool.HikariPool (HikariPool.java:565) - HikariPool-11 - Added connection com.mysql.cj.jdbc.ConnectionImpl@30b64f81
2024-04-18 11:50:05 | INFO  | [restartedMain] | hikari.HikariDataSource (HikariDataSource.java:123) - HikariPool-11 - Start completed.
2024-04-18 11:50:05 | WARN  | [restartedMain] | internal.DialectFactoryImpl (DialectFactoryImpl.java:153) - HHH90000025: MySQLDialect does not need to be specified explicitly using 'hibernate.dialect' (remove the property setting and it will be selected by default)
2024-04-18 11:50:05 | INFO  | [restartedMain] | internal.JtaPlatformInitiator (JtaPlatformInitiator.java:58) - HHH000489: No JTA platform available (set 'hibernate.transaction.jta.platform' to enable JTA platform integration)
2024-04-18 11:50:05 | INFO  | [restartedMain] | jpa.AbstractEntityManagerFactoryBean (AbstractEntityManagerFactoryBean.java:437) - Initialized JPA EntityManagerFactory for persistence unit 'default'
2024-04-18 11:50:05 | WARN  | [restartedMain] | jpa.JpaBaseConfiguration$JpaWebConfiguration (JpaBaseConfiguration.java:232) - spring.jpa.open-in-view is enabled by default. Therefore, database queries may be performed during view rendering. Explicitly configure spring.jpa.open-in-view to disable this warning
2024-04-18 11:50:05 | INFO  | [restartedMain] | web.DefaultSecurityFilterChain (DefaultSecurityFilterChain.java:54) - Will secure any request with [org.springframework.security.web.session.DisableEncodeUrlFilter@731b1e71, org.springframework.security.web.context.request.async.WebAsyncManagerIntegrationFilter@4a0ac460, org.springframework.security.web.context.SecurityContextHolderFilter@2bfbe4c9, org.springframework.security.web.header.HeaderWriterFilter@513cc09b, org.springframework.web.filter.CorsFilter@12812ab1, org.springframework.security.web.csrf.CsrfFilter@405ffe51, org.springframework.security.web.authentication.logout.LogoutFilter@ac03a8, org.springframework.security.web.authentication.UsernamePasswordAuthenticationFilter@134afef3, org.springframework.security.web.savedrequest.RequestCacheAwareFilter@14692a91, org.springframework.security.web.servletapi.SecurityContextHolderAwareRequestFilter@438a44bf, org.springframework.security.web.authentication.AnonymousAuthenticationFilter@56f8e374, org.springframework.security.web.access.ExceptionTranslationFilter@4fb310eb, org.springframework.security.web.access.intercept.AuthorizationFilter@4cf29424]
2024-04-18 11:50:05 | INFO  | [restartedMain] | autoconfigure.OptionalLiveReloadServer (OptionalLiveReloadServer.java:59) - LiveReload server is running on port 35729
2024-04-18 11:50:05 | INFO  | [restartedMain] | logging.DirectJDKLog (DirectJDKLog.java:173) - Starting ProtocolHandler ["http-nio-8080"]
2024-04-18 11:50:05 | INFO  | [restartedMain] | tomcat.TomcatWebServer (TomcatWebServer.java:241) - Tomcat started on port 8080 (http) with context path ''
2024-04-18 11:50:05 | INFO  | [restartedMain] | boot.StartupInfoLogger (StartupInfoLogger.java:56) - Started CreditCardAppApplication in 0.789 seconds (process running for 1467.647)
2024-04-18 11:50:05 | INFO  | [restartedMain] | autoconfigure.ConditionEvaluationDeltaLoggingListener (ConditionEvaluationDeltaLoggingListener.java:63) - Condition evaluation unchanged
